This is pdfTeX, Version 3.14159265-2.6-1.40.20 (TeX Live 2019/Debian) (preloaded format=pdflatex 2021.2.1)  17 JAN 2022 09:18
entering extended mode
 restricted \write18 enabled.
 %&-line parsing enabled.
**PH250_Lab_Manual_1.0
(./PH250_Lab_Manual_1.0.tex
LaTeX2e <2020-02-02> patch level 2
L3 programming layer <2020-02-14>
(/usr/share/texlive/texmf-dist/tex/latex/base/book.cls
Document Class: book 2019/12/20 v1.4l Standard LaTeX document class
(/usr/share/texlive/texmf-dist/tex/latex/base/bk10.clo
File: bk10.clo 2019/12/20 v1.4l Standard LaTeX file (size option)
)
\c@part=\count167
\c@chapter=\count168
\c@section=\count169
\c@subsection=\count170
\c@subsubsection=\count171
\c@paragraph=\count172
\c@subparagraph=\count173
\c@figure=\count174
\c@table=\count175
\abovecaptionskip=\skip47
\belowcaptionskip=\skip48
\bibindent=\dimen134
)
(/usr/share/texlive/texmf-dist/tex/latex/xcolor/xcolor.sty
Package: xcolor 2016/05/11 v2.12 LaTeX color extensions (UK)

(/usr/share/texlive/texmf-dist/tex/latex/graphics-cfg/color.cfg
File: color.cfg 2016/01/02 v1.6 sample color configuration
)
Package xcolor Info: Driver file: pdftex.def on input line 225.

(/usr/share/texlive/texmf-dist/tex/latex/graphics-def/pdftex.def
File: pdftex.def 2018/01/08 v1.0l Graphics/color driver for pdftex
)
Package xcolor Info: Model `cmy' substituted by `cmy0' on input line 1348.
Package xcolor Info: Model `hsb' substituted by `rgb' on input line 1352.
Package xcolor Info: Model `RGB' extended on input line 1364.
Package xcolor Info: Model `HTML' substituted by `rgb' on input line 1366.
Package xcolor Info: Model `Hsb' substituted by `hsb' on input line 1367.
Package xcolor Info: Model `tHsb' substituted by `hsb' on input line 1368.
Package xcolor Info: Model `HSB' substituted by `hsb' on input line 1369.
Package xcolor Info: Model `Gray' substituted by `gray' on input line 1370.
Package xcolor Info: Model `wave' substituted by `hsb' on input line 1371.

(/usr/share/texlive/texmf-dist/tex/latex/graphics/dvipsnam.def
File: dvipsnam.def 2016/06/17 v3.0m Driver-dependent file (DPC,SPQR)
))
(/usr/share/texlive/texmf-dist/tex/latex/tcolorbox/tcolorbox.sty
Package: tcolorbox 2019/11/15 version 4.22 text color boxes

(/usr/share/texlive/texmf-dist/tex/latex/pgf/basiclayer/pgf.sty
(/usr/share/texlive/texmf-dist/tex/latex/pgf/utilities/pgfrcs.sty
(/usr/share/texlive/texmf-dist/tex/generic/pgf/utilities/pgfutil-common.tex
\pgfutil@everybye=\toks14
\pgfutil@tempdima=\dimen135
\pgfutil@tempdimb=\dimen136

(/usr/share/texlive/texmf-dist/tex/generic/pgf/utilities/pgfutil-common-lists.t
ex)) (/usr/share/texlive/texmf-dist/tex/generic/pgf/utilities/pgfutil-latex.def
\pgfutil@abb=\box45
(/usr/share/texlive/texmf-dist/tex/latex/ms/everyshi.sty
Package: everyshi 2001/05/15 v3.00 EveryShipout Package (MS)
))
(/usr/share/texlive/texmf-dist/tex/generic/pgf/utilities/pgfrcs.code.tex
(/usr/share/texlive/texmf-dist/tex/generic/pgf/pgf.revision.tex)
Package: pgfrcs 2020/01/08 v3.1.5b (3.1.5b)
))
Package: pgf 2020/01/08 v3.1.5b (3.1.5b)

(/usr/share/texlive/texmf-dist/tex/latex/pgf/basiclayer/pgfcore.sty
(/usr/share/texlive/texmf-dist/tex/latex/graphics/graphicx.sty
Package: graphicx 2019/11/30 v1.2a Enhanced LaTeX Graphics (DPC,SPQR)

(/usr/share/texlive/texmf-dist/tex/latex/graphics/keyval.sty
Package: keyval 2014/10/28 v1.15 key=value parser (DPC)
\KV@toks@=\toks15
)
(/usr/share/texlive/texmf-dist/tex/latex/graphics/graphics.sty
Package: graphics 2019/11/30 v1.4a Standard LaTeX Graphics (DPC,SPQR)

(/usr/share/texlive/texmf-dist/tex/latex/graphics/trig.sty
Package: trig 2016/01/03 v1.10 sin cos tan (DPC)
)
(/usr/share/texlive/texmf-dist/tex/latex/graphics-cfg/graphics.cfg
File: graphics.cfg 2016/06/04 v1.11 sample graphics configuration
)
Package graphics Info: Driver file: pdftex.def on input line 105.
)
\Gin@req@height=\dimen137
\Gin@req@width=\dimen138
)
(/usr/share/texlive/texmf-dist/tex/latex/pgf/systemlayer/pgfsys.sty
(/usr/share/texlive/texmf-dist/tex/generic/pgf/systemlayer/pgfsys.code.tex
Package: pgfsys 2020/01/08 v3.1.5b (3.1.5b)

(/usr/share/texlive/texmf-dist/tex/generic/pgf/utilities/pgfkeys.code.tex
\pgfkeys@pathtoks=\toks16
\pgfkeys@temptoks=\toks17

(/usr/share/texlive/texmf-dist/tex/generic/pgf/utilities/pgfkeysfiltered.code.t
ex
\pgfkeys@tmptoks=\toks18
))
\pgf@x=\dimen139
\pgf@y=\dimen140
\pgf@xa=\dimen141
\pgf@ya=\dimen142
\pgf@xb=\dimen143
\pgf@yb=\dimen144
\pgf@xc=\dimen145
\pgf@yc=\dimen146
\pgf@xd=\dimen147
\pgf@yd=\dimen148
\w@pgf@writea=\write3
\r@pgf@reada=\read2
\c@pgf@counta=\count176
\c@pgf@countb=\count177
\c@pgf@countc=\count178
\c@pgf@countd=\count179
\t@pgf@toka=\toks19
\t@pgf@tokb=\toks20
\t@pgf@tokc=\toks21
\pgf@sys@id@count=\count180
 (/usr/share/texlive/texmf-dist/tex/generic/pgf/systemlayer/pgf.cfg
File: pgf.cfg 2020/01/08 v3.1.5b (3.1.5b)
)
Driver file for pgf: pgfsys-pdftex.def

(/usr/share/texlive/texmf-dist/tex/generic/pgf/systemlayer/pgfsys-pdftex.def
File: pgfsys-pdftex.def 2020/01/08 v3.1.5b (3.1.5b)

(/usr/share/texlive/texmf-dist/tex/generic/pgf/systemlayer/pgfsys-common-pdf.de
f
File: pgfsys-common-pdf.def 2020/01/08 v3.1.5b (3.1.5b)
)))
(/usr/share/texlive/texmf-dist/tex/generic/pgf/systemlayer/pgfsyssoftpath.code.
tex
File: pgfsyssoftpath.code.tex 2020/01/08 v3.1.5b (3.1.5b)
\pgfsyssoftpath@smallbuffer@items=\count181
\pgfsyssoftpath@bigbuffer@items=\count182
)
(/usr/share/texlive/texmf-dist/tex/generic/pgf/systemlayer/pgfsysprotocol.code.
tex
File: pgfsysprotocol.code.tex 2020/01/08 v3.1.5b (3.1.5b)
))
(/usr/share/texlive/texmf-dist/tex/generic/pgf/basiclayer/pgfcore.code.tex
Package: pgfcore 2020/01/08 v3.1.5b (3.1.5b)

(/usr/share/texlive/texmf-dist/tex/generic/pgf/math/pgfmath.code.tex
(/usr/share/texlive/texmf-dist/tex/generic/pgf/math/pgfmathcalc.code.tex
(/usr/share/texlive/texmf-dist/tex/generic/pgf/math/pgfmathutil.code.tex)
(/usr/share/texlive/texmf-dist/tex/generic/pgf/math/pgfmathparser.code.tex
\pgfmath@dimen=\dimen149
\pgfmath@count=\count183
\pgfmath@box=\box46
\pgfmath@toks=\toks22
\pgfmath@stack@operand=\toks23
\pgfmath@stack@operation=\toks24
)
(/usr/share/texlive/texmf-dist/tex/generic/pgf/math/pgfmathfunctions.code.tex
(/usr/share/texlive/texmf-dist/tex/generic/pgf/math/pgfmathfunctions.basic.code
.tex)
(/usr/share/texlive/texmf-dist/tex/generic/pgf/math/pgfmathfunctions.trigonomet
ric.code.tex)
(/usr/share/texlive/texmf-dist/tex/generic/pgf/math/pgfmathfunctions.random.cod
e.tex)
(/usr/share/texlive/texmf-dist/tex/generic/pgf/math/pgfmathfunctions.comparison
.code.tex)
(/usr/share/texlive/texmf-dist/tex/generic/pgf/math/pgfmathfunctions.base.code.
tex)
(/usr/share/texlive/texmf-dist/tex/generic/pgf/math/pgfmathfunctions.round.code
.tex)
(/usr/share/texlive/texmf-dist/tex/generic/pgf/math/pgfmathfunctions.misc.code.
tex)
(/usr/share/texlive/texmf-dist/tex/generic/pgf/math/pgfmathfunctions.integerari
thmetics.code.tex)))
(/usr/share/texlive/texmf-dist/tex/generic/pgf/math/pgfmathfloat.code.tex
\c@pgfmathroundto@lastzeros=\count184
))
(/usr/share/texlive/texmf-dist/tex/generic/pgf/math/pgfint.code.tex)
(/usr/share/texlive/texmf-dist/tex/generic/pgf/basiclayer/pgfcorepoints.code.te
x
File: pgfcorepoints.code.tex 2020/01/08 v3.1.5b (3.1.5b)
\pgf@picminx=\dimen150
\pgf@picmaxx=\dimen151
\pgf@picminy=\dimen152
\pgf@picmaxy=\dimen153
\pgf@pathminx=\dimen154
\pgf@pathmaxx=\dimen155
\pgf@pathminy=\dimen156
\pgf@pathmaxy=\dimen157
\pgf@xx=\dimen158
\pgf@xy=\dimen159
\pgf@yx=\dimen160
\pgf@yy=\dimen161
\pgf@zx=\dimen162
\pgf@zy=\dimen163
)
(/usr/share/texlive/texmf-dist/tex/generic/pgf/basiclayer/pgfcorepathconstruct.
code.tex
File: pgfcorepathconstruct.code.tex 2020/01/08 v3.1.5b (3.1.5b)
\pgf@path@lastx=\dimen164
\pgf@path@lasty=\dimen165
)
(/usr/share/texlive/texmf-dist/tex/generic/pgf/basiclayer/pgfcorepathusage.code
.tex
File: pgfcorepathusage.code.tex 2020/01/08 v3.1.5b (3.1.5b)
\pgf@shorten@end@additional=\dimen166
\pgf@shorten@start@additional=\dimen167
)
(/usr/share/texlive/texmf-dist/tex/generic/pgf/basiclayer/pgfcorescopes.code.te
x
File: pgfcorescopes.code.tex 2020/01/08 v3.1.5b (3.1.5b)
\pgfpic=\box47
\pgf@hbox=\box48
\pgf@layerbox@main=\box49
\pgf@picture@serial@count=\count185
)
(/usr/share/texlive/texmf-dist/tex/generic/pgf/basiclayer/pgfcoregraphicstate.c
ode.tex
File: pgfcoregraphicstate.code.tex 2020/01/08 v3.1.5b (3.1.5b)
\pgflinewidth=\dimen168
)
(/usr/share/texlive/texmf-dist/tex/generic/pgf/basiclayer/pgfcoretransformation
s.code.tex
File: pgfcoretransformations.code.tex 2020/01/08 v3.1.5b (3.1.5b)
\pgf@pt@x=\dimen169
\pgf@pt@y=\dimen170
\pgf@pt@temp=\dimen171
)
(/usr/share/texlive/texmf-dist/tex/generic/pgf/basiclayer/pgfcorequick.code.tex
File: pgfcorequick.code.tex 2020/01/08 v3.1.5b (3.1.5b)
)
(/usr/share/texlive/texmf-dist/tex/generic/pgf/basiclayer/pgfcoreobjects.code.t
ex
File: pgfcoreobjects.code.tex 2020/01/08 v3.1.5b (3.1.5b)
)
(/usr/share/texlive/texmf-dist/tex/generic/pgf/basiclayer/pgfcorepathprocessing
.code.tex
File: pgfcorepathprocessing.code.tex 2020/01/08 v3.1.5b (3.1.5b)
)
(/usr/share/texlive/texmf-dist/tex/generic/pgf/basiclayer/pgfcorearrows.code.te
x
File: pgfcorearrows.code.tex 2020/01/08 v3.1.5b (3.1.5b)
\pgfarrowsep=\dimen172
)
(/usr/share/texlive/texmf-dist/tex/generic/pgf/basiclayer/pgfcoreshade.code.tex
File: pgfcoreshade.code.tex 2020/01/08 v3.1.5b (3.1.5b)
\pgf@max=\dimen173
\pgf@sys@shading@range@num=\count186
\pgf@shadingcount=\count187
)
(/usr/share/texlive/texmf-dist/tex/generic/pgf/basiclayer/pgfcoreimage.code.tex
File: pgfcoreimage.code.tex 2020/01/08 v3.1.5b (3.1.5b)

(/usr/share/texlive/texmf-dist/tex/generic/pgf/basiclayer/pgfcoreexternal.code.
tex
File: pgfcoreexternal.code.tex 2020/01/08 v3.1.5b (3.1.5b)
\pgfexternal@startupbox=\box50
))
(/usr/share/texlive/texmf-dist/tex/generic/pgf/basiclayer/pgfcorelayers.code.te
x
File: pgfcorelayers.code.tex 2020/01/08 v3.1.5b (3.1.5b)
)
(/usr/share/texlive/texmf-dist/tex/generic/pgf/basiclayer/pgfcoretransparency.c
ode.tex
File: pgfcoretransparency.code.tex 2020/01/08 v3.1.5b (3.1.5b)
)
(/usr/share/texlive/texmf-dist/tex/generic/pgf/basiclayer/pgfcorepatterns.code.
tex
File: pgfcorepatterns.code.tex 2020/01/08 v3.1.5b (3.1.5b)
)
(/usr/share/texlive/texmf-dist/tex/generic/pgf/basiclayer/pgfcorerdf.code.tex
File: pgfcorerdf.code.tex 2020/01/08 v3.1.5b (3.1.5b)
)))
(/usr/share/texlive/texmf-dist/tex/generic/pgf/modules/pgfmoduleshapes.code.tex
File: pgfmoduleshapes.code.tex 2020/01/08 v3.1.5b (3.1.5b)
\pgfnodeparttextbox=\box51
) (/usr/share/texlive/texmf-dist/tex/generic/pgf/modules/pgfmoduleplot.code.tex
File: pgfmoduleplot.code.tex 2020/01/08 v3.1.5b (3.1.5b)
)
(/usr/share/texlive/texmf-dist/tex/latex/pgf/compatibility/pgfcomp-version-0-65
.sty
Package: pgfcomp-version-0-65 2020/01/08 v3.1.5b (3.1.5b)
\pgf@nodesepstart=\dimen174
\pgf@nodesepend=\dimen175
)
(/usr/share/texlive/texmf-dist/tex/latex/pgf/compatibility/pgfcomp-version-1-18
.sty
Package: pgfcomp-version-1-18 2020/01/08 v3.1.5b (3.1.5b)
)) (/usr/share/texlive/texmf-dist/tex/latex/tools/verbatim.sty
Package: verbatim 2019/11/10 v1.5r LaTeX2e package for verbatim enhancements
\every@verbatim=\toks25
\verbatim@line=\toks26
\verbatim@in@stream=\read3
)
(/usr/share/texlive/texmf-dist/tex/latex/environ/environ.sty
Package: environ 2014/05/04 v0.3 A new way to define environments

(/usr/share/texlive/texmf-dist/tex/latex/trimspaces/trimspaces.sty
Package: trimspaces 2009/09/17 v1.1 Trim spaces around a token list
)
\@envbody=\toks27
)
(/usr/share/texlive/texmf-dist/tex/latex/etoolbox/etoolbox.sty
Package: etoolbox 2019/09/21 v2.5h e-TeX tools for LaTeX (JAW)
\etb@tempcnta=\count188
)
\tcb@titlebox=\box52
\tcb@upperbox=\box53
\tcb@lowerbox=\box54
\tcb@phantombox=\box55
\c@tcbbreakpart=\count189
\c@tcblayer=\count190
\tcolorbox@number=\count191
\tcb@temp=\box56
\tcb@temp=\box57
\tcb@temp=\box58
\tcb@temp=\box59
\tcb@out=\write4
\tcb@record@out=\write5

(/usr/share/texlive/texmf-dist/tex/latex/tcolorbox/tcbraster.code.tex
Library (tcolorbox): 'tcbraster.code.tex' version '4.22'
\c@tcbrastercolumn=\count192
\c@tcbrasterrow=\count193
\c@tcbraster=\count194
) (/usr/share/texlive/texmf-dist/tex/latex/tcolorbox/tcbskins.code.tex
Library (tcolorbox): 'tcbskins.code.tex' version '4.22'
(/usr/share/texlive/texmf-dist/tex/latex/pgf/frontendlayer/tikz.sty
(/usr/share/texlive/texmf-dist/tex/latex/pgf/utilities/pgffor.sty
(/usr/share/texlive/texmf-dist/tex/latex/pgf/utilities/pgfkeys.sty
(/usr/share/texlive/texmf-dist/tex/generic/pgf/utilities/pgfkeys.code.tex))
(/usr/share/texlive/texmf-dist/tex/latex/pgf/math/pgfmath.sty
(/usr/share/texlive/texmf-dist/tex/generic/pgf/math/pgfmath.code.tex))
(/usr/share/texlive/texmf-dist/tex/generic/pgf/utilities/pgffor.code.tex
Package: pgffor 2020/01/08 v3.1.5b (3.1.5b)

(/usr/share/texlive/texmf-dist/tex/generic/pgf/math/pgfmath.code.tex)
\pgffor@iter=\dimen176
\pgffor@skip=\dimen177
\pgffor@stack=\toks28
\pgffor@toks=\toks29
))
(/usr/share/texlive/texmf-dist/tex/generic/pgf/frontendlayer/tikz/tikz.code.tex
Package: tikz 2020/01/08 v3.1.5b (3.1.5b)

(/usr/share/texlive/texmf-dist/tex/generic/pgf/libraries/pgflibraryplothandlers
.code.tex
File: pgflibraryplothandlers.code.tex 2020/01/08 v3.1.5b (3.1.5b)
\pgf@plot@mark@count=\count195
\pgfplotmarksize=\dimen178
)
\tikz@lastx=\dimen179
\tikz@lasty=\dimen180
\tikz@lastxsaved=\dimen181
\tikz@lastysaved=\dimen182
\tikz@lastmovetox=\dimen183
\tikz@lastmovetoy=\dimen184
\tikzleveldistance=\dimen185
\tikzsiblingdistance=\dimen186
\tikz@figbox=\box60
\tikz@figbox@bg=\box61
\tikz@tempbox=\box62
\tikz@tempbox@bg=\box63
\tikztreelevel=\count196
\tikznumberofchildren=\count197
\tikznumberofcurrentchild=\count198
\tikz@fig@count=\count199

(/usr/share/texlive/texmf-dist/tex/generic/pgf/modules/pgfmodulematrix.code.tex
File: pgfmodulematrix.code.tex 2020/01/08 v3.1.5b (3.1.5b)
\pgfmatrixcurrentrow=\count266
\pgfmatrixcurrentcolumn=\count267
\pgf@matrix@numberofcolumns=\count268
)
\tikz@expandcount=\count269

(/usr/share/texlive/texmf-dist/tex/generic/pgf/frontendlayer/tikz/libraries/tik
zlibrarytopaths.code.tex
File: tikzlibrarytopaths.code.tex 2020/01/08 v3.1.5b (3.1.5b)
)))
\tcb@waterbox=\box64

(/usr/share/texlive/texmf-dist/tex/latex/tcolorbox/tcbskinsjigsaw.code.tex
Library (tcolorbox): 'tcbskinsjigsaw.code.tex' version '4.22'
)) (/usr/share/texlive/texmf-dist/tex/latex/tcolorbox/tcbbreakable.code.tex
Library (tcolorbox): 'tcbbreakable.code.tex' version '4.22'
\tcb@testbox=\box65
\tcb@totalupperbox=\box66
\tcb@totallowerbox=\box67
) (/usr/share/texlive/texmf-dist/tex/latex/tcolorbox/tcbhooks.code.tex
Library (tcolorbox): 'tcbhooks.code.tex' version '4.22'
) (/usr/share/texlive/texmf-dist/tex/latex/tcolorbox/tcbtheorems.code.tex
Library (tcolorbox): 'tcbtheorems.code.tex' version '4.22'
(/usr/share/texlive/texmf-dist/tex/latex/amsmath/amsmath.sty
Package: amsmath 2020/01/20 v2.17e AMS math features
\@mathmargin=\skip49

For additional information on amsmath, use the `?' option.
(/usr/share/texlive/texmf-dist/tex/latex/amsmath/amstext.sty
Package: amstext 2000/06/29 v2.01 AMS text

(/usr/share/texlive/texmf-dist/tex/latex/amsmath/amsgen.sty
File: amsgen.sty 1999/11/30 v2.0 generic functions
\@emptytoks=\toks30
\ex@=\dimen187
))
(/usr/share/texlive/texmf-dist/tex/latex/amsmath/amsbsy.sty
Package: amsbsy 1999/11/29 v1.2d Bold Symbols
\pmbraise@=\dimen188
)
(/usr/share/texlive/texmf-dist/tex/latex/amsmath/amsopn.sty
Package: amsopn 2016/03/08 v2.02 operator names
)
\inf@bad=\count270
LaTeX Info: Redefining \frac on input line 227.
\uproot@=\count271
\leftroot@=\count272
LaTeX Info: Redefining \overline on input line 389.
\classnum@=\count273
\DOTSCASE@=\count274
LaTeX Info: Redefining \ldots on input line 486.
LaTeX Info: Redefining \dots on input line 489.
LaTeX Info: Redefining \cdots on input line 610.
\Mathstrutbox@=\box68
\strutbox@=\box69
\big@size=\dimen189
LaTeX Font Info:    Redeclaring font encoding OML on input line 733.
LaTeX Font Info:    Redeclaring font encoding OMS on input line 734.
\macc@depth=\count275
\c@MaxMatrixCols=\count276
\dotsspace@=\muskip16
\c@parentequation=\count277
\dspbrk@lvl=\count278
\tag@help=\toks31
\row@=\count279
\column@=\count280
\maxfields@=\count281
\andhelp@=\toks32
\eqnshift@=\dimen190
\alignsep@=\dimen191
\tagshift@=\dimen192
\tagwidth@=\dimen193
\totwidth@=\dimen194
\lineht@=\dimen195
\@envbody=\toks33
\multlinegap=\skip50
\multlinetaggap=\skip51
\mathdisplay@stack=\toks34
LaTeX Info: Redefining \[ on input line 2859.
LaTeX Info: Redefining \] on input line 2860.
))
(/usr/share/texlive/texmf-dist/tex/latex/tcolorbox/tcbfitting.code.tex
Library (tcolorbox): 'tcbfitting.code.tex' version '4.22'
\tcbfitdim=\dimen196
\tcb@lowerfitdim=\dimen197
\tcb@upperfitdim=\dimen198
\tcb@cur@hbadness=\count282
) (/usr/share/texlive/texmf-dist/tex/latex/tcolorbox/tcbxparse.code.tex
Library (tcolorbox): 'tcbxparse.code.tex' version '4.22'
(/usr/share/texlive/texmf-dist/tex/latex/l3packages/xparse/xparse.sty
(/usr/share/texlive/texmf-dist/tex/latex/l3kernel/expl3.sty
Package: expl3 2020-02-14 L3 programming layer (loader) 

(/usr/share/texlive/texmf-dist/tex/latex/l3backend/l3backend-pdfmode.def
File: l3backend-pdfmode.def 2020-02-03 L3 backend support: PDF mode
\l__kernel_color_stack_int=\count283
\l__pdf_internal_box=\box70
))
Package: xparse 2020-02-14 L3 Experimental document command parser
\l__xparse_current_arg_int=\count284
\g__xparse_grabber_int=\count285
\l__xparse_m_args_int=\count286
\l__xparse_v_nesting_int=\count287
))
(/usr/share/texlive/texmf-dist/tex/latex/tcolorbox/tcblistingsutf8.code.tex
Library (tcolorbox): 'tcblistingsutf8.code.tex' version '4.22'
(/usr/share/texlive/texmf-dist/tex/latex/listingsutf8/listingsutf8.sty
Package: listingsutf8 2019-12-10 v1.5 Allow UTF-8 in listings input (HO)

(/usr/share/texlive/texmf-dist/tex/latex/listings/listings.sty
\lst@mode=\count288
\lst@gtempboxa=\box71
\lst@token=\toks35
\lst@length=\count289
\lst@currlwidth=\dimen199
\lst@column=\count290
\lst@pos=\count291
\lst@lostspace=\dimen256
\lst@width=\dimen257
\lst@newlines=\count292
\lst@lineno=\count293
\lst@maxwidth=\dimen258

(/usr/share/texlive/texmf-dist/tex/latex/listings/lstmisc.sty
File: lstmisc.sty 2019/09/10 1.8c (Carsten Heinz)
\c@lstnumber=\count294
\lst@skipnumbers=\count295
\lst@framebox=\box72
)
(/usr/share/texlive/texmf-dist/tex/latex/listings/listings.cfg
File: listings.cfg 2019/09/10 1.8c listings configuration
))
Package: listings 2019/09/10 1.8c (Carsten Heinz)

(/usr/share/texlive/texmf-dist/tex/latex/pdftexcmds/pdftexcmds.sty
Package: pdftexcmds 2019/11/24 v0.31 Utility functions of pdfTeX for LuaTeX (HO
)

(/usr/share/texlive/texmf-dist/tex/generic/infwarerr/infwarerr.sty
Package: infwarerr 2019/12/03 v1.5 Providing info/warning/error messages (HO)
)
(/usr/share/texlive/texmf-dist/tex/generic/iftex/iftex.sty
Package: iftex 2019/11/07 v1.0c TeX engine tests
)
(/usr/share/texlive/texmf-dist/tex/generic/ltxcmds/ltxcmds.sty
Package: ltxcmds 2019/12/15 v1.24 LaTeX kernel commands for general use (HO)
)
Package pdftexcmds Info: \pdf@primitive is available.
Package pdftexcmds Info: \pdf@ifprimitive is available.
Package pdftexcmds Info: \pdfdraftmode found.
)
(/usr/share/texlive/texmf-dist/tex/generic/stringenc/stringenc.sty
Package: stringenc 2019/11/29 v1.12 Convert strings between diff. encodings (HO
)

(/usr/share/texlive/texmf-dist/tex/generic/pdfescape/pdfescape.sty
Package: pdfescape 2019/12/09 v1.15 Implements pdfTeX's escape features (HO)
)))
(/usr/share/texlive/texmf-dist/tex/latex/tcolorbox/tcblistings.code.tex
Library (tcolorbox): 'tcblistings.code.tex' version '4.22'
(/usr/share/texlive/texmf-dist/tex/latex/tcolorbox/tcblistingscore.code.tex
Library (tcolorbox): 'tcblistingscore.code.tex' version '4.22'
(/usr/share/texlive/texmf-dist/tex/latex/tcolorbox/tcbprocessing.code.tex
Library (tcolorbox): 'tcbprocessing.code.tex' version '4.22'
(/usr/share/texlive/texmf-dist/tex/latex/tools/shellesc.sty
Package: shellesc 2019/11/08 v1.0c unified shell escape interface for LaTeX
Package shellesc Info: Restricted shell escape enabled on input line 77.
))
\c@tcblisting=\count296
)))
(/usr/share/texlive/texmf-dist/tex/latex/tcolorbox/tcbexternal.code.tex
Library (tcolorbox): 'tcbexternal.code.tex' version '4.22'
) (/usr/share/texlive/texmf-dist/tex/latex/tcolorbox/tcbmagazine.code.tex
Library (tcolorbox): 'tcbmagazine.code.tex' version '4.22'
) (/usr/share/texlive/texmf-dist/tex/latex/tcolorbox/tcbvignette.code.tex
Library (tcolorbox): 'tcbvignette.code.tex' version '4.22'

(/usr/share/texlive/texmf-dist/tex/generic/pgf/frontendlayer/tikz/libraries/tik
zlibraryfadings.code.tex
File: tikzlibraryfadings.code.tex 2020/01/08 v3.1.5b (3.1.5b)

(/usr/share/texlive/texmf-dist/tex/generic/pgf/libraries/pgflibraryfadings.code
.tex
File: pgflibraryfadings.code.tex 2020/01/08 v3.1.5b (3.1.5b)
))) (/usr/share/texlive/texmf-dist/tex/latex/tcolorbox/tcbposter.code.tex
Library (tcolorbox): 'tcbposter.code.tex' version '4.22'
)) (/usr/share/texlive/texmf-dist/tex/latex/caption/caption.sty
Package: caption 2020/01/03 v3.4h Customizing captions (AR)

(/usr/share/texlive/texmf-dist/tex/latex/caption/caption3.sty
Package: caption3 2020/01/03 v1.8h caption3 kernel (AR)
Package caption3 Info: TeX engine: e-TeX on input line 61.
\captionmargin=\dimen259
\captionmargin@=\dimen260
\captionwidth=\dimen261
\caption@tempdima=\dimen262
\caption@indent=\dimen263
\caption@parindent=\dimen264
\caption@hangindent=\dimen265
Package caption Info: Standard document class detected.
)
\c@caption@flags=\count297
\c@continuedfloat=\count298
Package caption Info: listings package is loaded.
)
(/usr/share/texlive/texmf-dist/tex/latex/amsfonts/amssymb.sty
Package: amssymb 2013/01/14 v3.01 AMS font symbols

(/usr/share/texlive/texmf-dist/tex/latex/amsfonts/amsfonts.sty
Package: amsfonts 2013/01/14 v3.01 Basic AMSFonts support
\symAMSa=\mathgroup4
\symAMSb=\mathgroup5
LaTeX Font Info:    Redeclaring math symbol \hbar on input line 98.
LaTeX Font Info:    Overwriting math alphabet `\mathfrak' in version `bold'
(Font)                  U/euf/m/n --> U/euf/b/n on input line 106.
))
(/usr/share/texlive/texmf-dist/tex/latex/units/units.sty
Package: units 1998/08/04 v0.9b Typesetting units

(/usr/share/texlive/texmf-dist/tex/latex/base/ifthen.sty
Package: ifthen 2014/09/29 v1.1c Standard LaTeX ifthen package (DPC)
)
(/usr/share/texlive/texmf-dist/tex/latex/units/nicefrac.sty
Package: nicefrac 1998/08/04 v0.9b Nice fractions
\L@UnitsRaiseDisplaystyle=\skip52
\L@UnitsRaiseTextstyle=\skip53
\L@UnitsRaiseScriptstyle=\skip54
))
(/usr/share/texlive/texmf-dist/tex/latex/hyperref/hyperref.sty
Package: hyperref 2020/01/14 v7.00d Hypertext links for LaTeX

(/usr/share/texlive/texmf-dist/tex/generic/kvsetkeys/kvsetkeys.sty
Package: kvsetkeys 2019/12/15 v1.18 Key value parser (HO)
)
(/usr/share/texlive/texmf-dist/tex/generic/kvdefinekeys/kvdefinekeys.sty
Package: kvdefinekeys 2019-12-19 v1.6 Define keys (HO)
)
(/usr/share/texlive/texmf-dist/tex/latex/hycolor/hycolor.sty
Package: hycolor 2020-01-27 v1.10 Color options for hyperref/bookmark (HO)
)
(/usr/share/texlive/texmf-dist/tex/latex/letltxmacro/letltxmacro.sty
Package: letltxmacro 2019/12/03 v1.6 Let assignment for LaTeX macros (HO)
)
(/usr/share/texlive/texmf-dist/tex/latex/auxhook/auxhook.sty
Package: auxhook 2019-12-17 v1.6 Hooks for auxiliary files (HO)
)
(/usr/share/texlive/texmf-dist/tex/latex/kvoptions/kvoptions.sty
Package: kvoptions 2019/11/29 v3.13 Key value format for package options (HO)
)
\@linkdim=\dimen266
\Hy@linkcounter=\count299
\Hy@pagecounter=\count300

(/usr/share/texlive/texmf-dist/tex/latex/hyperref/pd1enc.def
File: pd1enc.def 2020/01/14 v7.00d Hyperref: PDFDocEncoding definition (HO)
Now handling font encoding PD1 ...
... no UTF-8 mapping file for font encoding PD1
)
(/usr/share/texlive/texmf-dist/tex/generic/intcalc/intcalc.sty
Package: intcalc 2019/12/15 v1.3 Expandable calculations with integers (HO)
)
(/usr/share/texlive/texmf-dist/tex/generic/etexcmds/etexcmds.sty
Package: etexcmds 2019/12/15 v1.7 Avoid name clashes with e-TeX commands (HO)
)
\Hy@SavedSpaceFactor=\count301
\pdfmajorversion=\count302
Package hyperref Info: Hyper figures OFF on input line 4547.
Package hyperref Info: Link nesting OFF on input line 4552.
Package hyperref Info: Hyper index ON on input line 4555.
Package hyperref Info: Plain pages OFF on input line 4562.
Package hyperref Info: Backreferencing OFF on input line 4567.
Package hyperref Info: Implicit mode ON; LaTeX internals redefined.
Package hyperref Info: Bookmarks ON on input line 4800.
\c@Hy@tempcnt=\count303

(/usr/share/texlive/texmf-dist/tex/latex/url/url.sty
\Urlmuskip=\muskip17
Package: url 2013/09/16  ver 3.4  Verb mode for urls, etc.
)
LaTeX Info: Redefining \url on input line 5159.
\XeTeXLinkMargin=\dimen267

(/usr/share/texlive/texmf-dist/tex/generic/bitset/bitset.sty
Package: bitset 2019/12/09 v1.3 Handle bit-vector datatype (HO)

(/usr/share/texlive/texmf-dist/tex/generic/bigintcalc/bigintcalc.sty
Package: bigintcalc 2019/12/15 v1.5 Expandable calculations on big integers (HO
)
))
\Fld@menulength=\count304
\Field@Width=\dimen268
\Fld@charsize=\dimen269
Package hyperref Info: Hyper figures OFF on input line 6430.
Package hyperref Info: Link nesting OFF on input line 6435.
Package hyperref Info: Hyper index ON on input line 6438.
Package hyperref Info: backreferencing OFF on input line 6445.
Package hyperref Info: Link coloring OFF on input line 6450.
Package hyperref Info: Link coloring with OCG OFF on input line 6455.
Package hyperref Info: PDF/A mode OFF on input line 6460.
LaTeX Info: Redefining \ref on input line 6500.
LaTeX Info: Redefining \pageref on input line 6504.

(/usr/share/texlive/texmf-dist/tex/generic/atbegshi/atbegshi.sty
Package: atbegshi 2019/12/05 v1.19 At begin shipout hook (HO)
)
\Hy@abspage=\count305
\c@Item=\count306
\c@Hfootnote=\count307
)
Package hyperref Info: Driver (autodetected): hpdftex.

(/usr/share/texlive/texmf-dist/tex/latex/hyperref/hpdftex.def
File: hpdftex.def 2020/01/14 v7.00d Hyperref driver for pdfTeX

(/usr/share/texlive/texmf-dist/tex/latex/atveryend/atveryend.sty
Package: atveryend 2019-12-11 v1.11 Hooks at the very end of document (HO)
)
\Fld@listcount=\count308
\c@bookmark@seq@number=\count309

(/usr/share/texlive/texmf-dist/tex/latex/rerunfilecheck/rerunfilecheck.sty
Package: rerunfilecheck 2019/12/05 v1.9 Rerun checks for auxiliary files (HO)

(/usr/share/texlive/texmf-dist/tex/generic/uniquecounter/uniquecounter.sty
Package: uniquecounter 2019/12/15 v1.4 Provide unlimited unique counter (HO)
)
Package uniquecounter Info: New unique counter `rerunfilecheck' on input line 2
86.
)
\Hy@SectionHShift=\skip55
)
(/usr/share/texlive/texmf-dist/tex/latex/pythonhighlight/pythonhighlight.sty
Package: pythonhighlight 2017/02/09 python code highlighting; provided by Olivi
er Verdier <olivier.verdier@gmail.com>
)
(./arduinoLanguage.tex
(/usr/share/texlive/texmf-dist/tex/latex/psnfss/courier.sty
Package: courier 2005/04/12 PSNFSS-v9.2a (WaS) 
)) (./macros.tex)
(./PH250_Lab_Manual_1.0.aux)
\openout1 = `PH250_Lab_Manual_1.0.aux'.

LaTeX Font Info:    Checking defaults for OML/cmm/m/it on input line 26.
LaTeX Font Info:    ... okay on input line 26.
LaTeX Font Info:    Checking defaults for OMS/cmsy/m/n on input line 26.
LaTeX Font Info:    ... okay on input line 26.
LaTeX Font Info:    Checking defaults for OT1/cmr/m/n on input line 26.
LaTeX Font Info:    ... okay on input line 26.
LaTeX Font Info:    Checking defaults for T1/cmr/m/n on input line 26.
LaTeX Font Info:    ... okay on input line 26.
LaTeX Font Info:    Checking defaults for TS1/cmr/m/n on input line 26.
LaTeX Font Info:    ... okay on input line 26.
LaTeX Font Info:    Checking defaults for OMX/cmex/m/n on input line 26.
LaTeX Font Info:    ... okay on input line 26.
LaTeX Font Info:    Checking defaults for U/cmr/m/n on input line 26.
LaTeX Font Info:    ... okay on input line 26.
LaTeX Font Info:    Checking defaults for PD1/pdf/m/n on input line 26.
LaTeX Font Info:    ... okay on input line 26.

(/usr/share/texlive/texmf-dist/tex/context/base/mkii/supp-pdf.mkii
[Loading MPS to PDF converter (version 2006.09.02).]
\scratchcounter=\count310
\scratchdimen=\dimen270
\scratchbox=\box73
\nofMPsegments=\count311
\nofMParguments=\count312
\everyMPshowfont=\toks36
\MPscratchCnt=\count313
\MPscratchDim=\dimen271
\MPnumerator=\count314
\makeMPintoPDFobject=\count315
\everyMPtoPDFconversion=\toks37
) (/usr/share/texlive/texmf-dist/tex/latex/epstopdf-pkg/epstopdf-base.sty
Package: epstopdf-base 2020-01-24 v2.11 Base part for package epstopdf
Package epstopdf-base Info: Redefining graphics rule for `.eps' on input line 4
85.

(/usr/share/texlive/texmf-dist/tex/latex/latexconfig/epstopdf-sys.cfg
File: epstopdf-sys.cfg 2010/07/13 v1.3 Configuration of (r)epstopdf for TeX Liv
e
))
ABD: EveryShipout initializing macros
\c@lstlisting=\count316

(/usr/share/texlive/texmf-dist/tex/latex/base/inputenc.sty
Package: inputenc 2018/08/11 v1.3c Input encoding file
\inpenc@prehook=\toks38
\inpenc@posthook=\toks39
)
Package caption Info: Begin \AtBeginDocument code.
Package caption Info: hyperref package is loaded.
Package caption Info: End \AtBeginDocument code.
\AtBeginShipoutBox=\box74
Package hyperref Info: Link coloring OFF on input line 26.

(/usr/share/texlive/texmf-dist/tex/latex/hyperref/nameref.sty
Package: nameref 2019/09/16 v2.46 Cross-referencing by name of section

(/usr/share/texlive/texmf-dist/tex/latex/refcount/refcount.sty
Package: refcount 2019/12/15 v3.6 Data extraction from label references (HO)
)
(/usr/share/texlive/texmf-dist/tex/generic/gettitlestring/gettitlestring.sty
Package: gettitlestring 2019/12/15 v1.6 Cleanup title references (HO)
)
\c@section@level=\count317
)
LaTeX Info: Redefining \ref on input line 26.
LaTeX Info: Redefining \pageref on input line 26.
LaTeX Info: Redefining \nameref on input line 26.

(./PH250_Lab_Manual_1.0.out) (./PH250_Lab_Manual_1.0.out)
\@outlinefile=\write6
\openout6 = `PH250_Lab_Manual_1.0.out'.

LaTeX Font Info:    Trying to load font information for U+msa on input line 36.


(/usr/share/texlive/texmf-dist/tex/latex/amsfonts/umsa.fd
File: umsa.fd 2013/01/14 v3.01 AMS symbols A
)
LaTeX Font Info:    Trying to load font information for U+msb on input line 36.


(/usr/share/texlive/texmf-dist/tex/latex/amsfonts/umsb.fd
File: umsb.fd 2013/01/14 v3.01 AMS symbols B
) [1



{/var/lib/texmf/fonts/map/pdftex/updmap/pdftex.map}] [2

] (./PH250_Lab_Manual_1.0.toc [3] [4])
\tf@toc=\write7
\openout7 = `PH250_Lab_Manual_1.0.toc'.


[5] [6

] (./PH250_Lab_Manual_1.0.lof [7])
\tf@lof=\write8
\openout8 = `PH250_Lab_Manual_1.0.lof'.

 (./Chapters/Preface.tex [8])
(./Chapters/Introduction.tex [9

] [10

] [11] [12]) [13] [14

] [1

] [2]
(./Chapters/Intro_Arduino_ComputerControl.tex
Chapter 1.
[3

]
<Figures/protoboard_blank.png, id=718, 1027.84pt x 332.24126pt>
File: Figures/protoboard_blank.png Graphic file (type png)
<use Figures/protoboard_blank.png>
Package pdftex.def Info: Figures/protoboard_blank.png  used on input line 74.
(pdftex.def)             Requested size: 276.00105pt x 89.21458pt.
 [4]
<Figures/protoboard_connections.jpg, id=726, 246.6816pt x 79.7379pt>
File: Figures/protoboard_connections.jpg Graphic file (type jpg)
<use Figures/protoboard_connections.jpg>
Package pdftex.def Info: Figures/protoboard_connections.jpg  used on input line
 99.
(pdftex.def)             Requested size: 276.00105pt x 89.2231pt.
<Figures/protoboard_example_a.jpg, id=728, 1284.8pt x 963.6pt>
File: Figures/protoboard_example_a.jpg Graphic file (type jpg)
<use Figures/protoboard_example_a.jpg>
Package pdftex.def Info: Figures/protoboard_example_a.jpg  used on input line 1
28.
(pdftex.def)             Requested size: 276.00105pt x 206.99352pt.
 [5 <./Figures/protoboard_blank.png> <./Figures/protoboard_connections.jpg>]
<Figures/protoboard_example_b.jpg, id=737, 1284.8pt x 963.6pt>
File: Figures/protoboard_example_b.jpg Graphic file (type jpg)
<use Figures/protoboard_example_b.jpg>
Package pdftex.def Info: Figures/protoboard_example_b.jpg  used on input line 1
46.
(pdftex.def)             Requested size: 276.00105pt x 206.99352pt.
<Figures/protoboard_example_c.jpg, id=739, 1284.8pt x 963.6pt>
File: Figures/protoboard_example_c.jpg Graphic file (type jpg)
<use Figures/protoboard_example_c.jpg>
Package pdftex.def Info: Figures/protoboard_example_c.jpg  used on input line 1
65.
(pdftex.def)             Requested size: 276.00105pt x 206.99352pt.
<Figures/protoboard_example_d.jpg, id=741, 1284.8pt x 963.6pt>
File: Figures/protoboard_example_d.jpg Graphic file (type jpg)
<use Figures/protoboard_example_d.jpg>
Package pdftex.def Info: Figures/protoboard_example_d.jpg  used on input line 1
78.
(pdftex.def)             Requested size: 276.00105pt x 206.99352pt.
 [6 <./Figures/protoboard_example_a.jpg>] [7 <./Figures/protoboard_example_b.jp
g> <./Figures/protoboard_example_c.jpg>] [8 <./Figures/protoboard_example_d.jpg
>]
<Figures/soldering_equipment.jpg, id=755, 1284.8pt x 504.88625pt>
File: Figures/soldering_equipment.jpg Graphic file (type jpg)
<use Figures/soldering_equipment.jpg>
Package pdftex.def Info: Figures/soldering_equipment.jpg  used on input line 24
5.
(pdftex.def)             Requested size: 276.00105pt x 108.45596pt.
<Figures/perfboard.jpg, id=757, 1284.8pt x 722.7pt>
File: Figures/perfboard.jpg Graphic file (type jpg)
<use Figures/perfboard.jpg>
Package pdftex.def Info: Figures/perfboard.jpg  used on input line 261.
(pdftex.def)             Requested size: 276.00105pt x 155.24513pt.
<Figures/solder_ready.jpg, id=759, 1276.77pt x 602.25pt>
File: Figures/solder_ready.jpg Graphic file (type jpg)
<use Figures/solder_ready.jpg>
Package pdftex.def Info: Figures/solder_ready.jpg  used on input line 277.
(pdftex.def)             Requested size: 276.00105pt x 130.18881pt.
 [9] [10 <./Figures/soldering_equipment.jpg> <./Figures/perfboard.jpg>]
<Figures/component_preparation_a.jpg, id=769, 642.4pt x 642.4pt>
File: Figures/component_preparation_a.jpg Graphic file (type jpg)
<use Figures/component_preparation_a.jpg>
Package pdftex.def Info: Figures/component_preparation_a.jpg  used on input lin
e 292.
(pdftex.def)             Requested size: 137.9979pt x 137.99568pt.
<Figures/component_preparation_b.jpg, id=770, 642.4pt x 642.4pt>
File: Figures/component_preparation_b.jpg Graphic file (type jpg)
<use Figures/component_preparation_b.jpg>
Package pdftex.def Info: Figures/component_preparation_b.jpg  used on input lin
e 293.
(pdftex.def)             Requested size: 137.9979pt x 137.99568pt.
<Figures/heat_the_work.jpg, id=771, 1284.8pt x 481.8pt>
File: Figures/heat_the_work.jpg Graphic file (type jpg)
<use Figures/heat_the_work.jpg>
Package pdftex.def Info: Figures/heat_the_work.jpg  used on input line 314.
(pdftex.def)             Requested size: 276.00105pt x 103.49675pt.

[11 <./Figures/solder_ready.jpg> <./Figures/component_preparation_a.jpg> <./Fig
ures/component_preparation_b.jpg>]
<Figures/soldering_almost_done.jpg, id=779, 1284.8pt x 481.8pt>
File: Figures/soldering_almost_done.jpg Graphic file (type jpg)
<use Figures/soldering_almost_done.jpg>
Package pdftex.def Info: Figures/soldering_almost_done.jpg  used on input line 
327.
(pdftex.def)             Requested size: 276.00105pt x 103.49675pt.
<Figures/soldering_complete.jpg, id=781, 1284.8pt x 963.6pt>
File: Figures/soldering_complete.jpg Graphic file (type jpg)
<use Figures/soldering_complete.jpg>
Package pdftex.def Info: Figures/soldering_complete.jpg  used on input line 343
.
(pdftex.def)             Requested size: 276.00105pt x 206.99352pt.
<Figures/pcb.jpg, id=783, 308.352pt x 173.448pt>
File: Figures/pcb.jpg Graphic file (type jpg)
<use Figures/pcb.jpg>
Package pdftex.def Info: Figures/pcb.jpg  used on input line 358.
(pdftex.def)             Requested size: 276.00105pt x 155.25218pt.
 [12 <./Figures/heat_the_work.jpg> <./Figures/soldering_almost_done.jpg>] [13 <
./Figures/soldering_complete.jpg> <./Figures/pcb.jpg>]
<Figures/arduino_left.jpg, id=795, 1043.9pt x 722.7pt>
File: Figures/arduino_left.jpg Graphic file (type jpg)
<use Figures/arduino_left.jpg>
Package pdftex.def Info: Figures/arduino_left.jpg  used on input line 407.
(pdftex.def)             Requested size: 276.00105pt x 191.07349pt.
<Figures/arduino_connected.jpg, id=797, 1284.8pt x 963.6pt>
File: Figures/arduino_connected.jpg Graphic file (type jpg)
<use Figures/arduino_connected.jpg>
Package pdftex.def Info: Figures/arduino_connected.jpg  used on input line 421.

(pdftex.def)             Requested size: 276.00105pt x 206.99352pt.
 [14] [15 <./Figures/arduino_left.jpg> <./Figures/arduino_connected.jpg>]
<Figures/blink_circuit.jpg, id=811, 1465.475pt x 369.38pt>
File: Figures/blink_circuit.jpg Graphic file (type jpg)
<use Figures/blink_circuit.jpg>
Package pdftex.def Info: Figures/blink_circuit.jpg  used on input line 455.
(pdftex.def)             Requested size: 276.00105pt x 69.56293pt.
 [16 <./Figures/blink_circuit.jpg>]
LaTeX Font Info:    Trying to load font information for OT1+pcr on input line 4
88.

(/usr/share/texlive/texmf-dist/tex/latex/psnfss/ot1pcr.fd
File: ot1pcr.fd 2001/06/04 font definitions for OT1/pcr.
)
(/usr/share/texlive/texmf-dist/tex/latex/listings/lstlang1.sty
File: lstlang1.sty 2019/09/10 1.8c listings language file
)
(/usr/share/texlive/texmf-dist/tex/latex/listings/lstlang1.sty
File: lstlang1.sty 2019/09/10 1.8c listings language file
)
(/usr/share/texlive/texmf-dist/tex/latex/listings/lstmisc.sty
File: lstmisc.sty 2019/09/10 1.8c (Carsten Heinz)
) [17] [18]
Underfull \hbox (badness 10000) in paragraph at lines 629--631

 []


Underfull \hbox (badness 10000) in paragraph at lines 632--633

 []

<Figures/ide.jpg, id=859, 600.2425pt x 385.44pt>
File: Figures/ide.jpg Graphic file (type jpg)
<use Figures/ide.jpg>
Package pdftex.def Info: Figures/ide.jpg  used on input line 645.
(pdftex.def)             Requested size: 276.00105pt x 177.23396pt.
[19] [20 <./Figures/ide.jpg>] [21]
Overfull \hbox (20.30595pt too wide) in paragraph at lines 727--737
\OT1/cmr/m/n/10 to the \OT1/pcr/m/n/10 else if \OT1/cmr/m/n/10 por-tion of the 
con-di-tional, ex-e-cut-ing the \OT1/pcr/m/n/10 anotherFirstFunction
 []

) (./Chapters/Intro_El_Measurment.tex [22]
Chapter 2.

Underfull \vbox (badness 10000) has occurred while \output is active []

 [23

]
<Figures/PH4CAU0F.jpg, id=944, 299.61937pt x 177.66376pt>
File: Figures/PH4CAU0F.jpg Graphic file (type jpg)
<use Figures/PH4CAU0F.jpg>
Package pdftex.def Info: Figures/PH4CAU0F.jpg  used on input line 70.
(pdftex.def)             Requested size: 276.00105pt x 163.67221pt.
<Figures/PH4CAU0G.jpg, id=946, 262.73157pt x 118.19156pt>
File: Figures/PH4CAU0G.jpg Graphic file (type jpg)
<use Figures/PH4CAU0G.jpg>
Package pdftex.def Info: Figures/PH4CAU0G.jpg  used on input line 86.
(pdftex.def)             Requested size: 276.00105pt x 124.1661pt.

[24] [25 <./Figures/PH4CAU0F.jpg> <./Figures/PH4CAU0G.jpg>]
<Figures/PH4CAU0H.jpg, id=958, 642.90187pt x 414.04688pt>
File: Figures/PH4CAU0H.jpg Graphic file (type jpg)
<use Figures/PH4CAU0H.jpg>
Package pdftex.def Info: Figures/PH4CAU0H.jpg  used on input line 113.
(pdftex.def)             Requested size: 345.0pt x 222.19836pt.
 [26 <./Figures/PH4CAU0H.jpg>]
<Figures/PH4CAU0I.jpg, id=964, 350.81062pt x 269.50688pt>
File: Figures/PH4CAU0I.jpg Graphic file (type jpg)
<use Figures/PH4CAU0I.jpg>
Package pdftex.def Info: Figures/PH4CAU0I.jpg  used on input line 170.
(pdftex.def)             Requested size: 276.00105pt x 212.04861pt.
 [27 <./Figures/PH4CAU0I.jpg>]
<Figures/PH4CAU0J.jpg, id=970, 455.45157pt x 216.81pt>
File: Figures/PH4CAU0J.jpg Graphic file (type jpg)
<use Figures/PH4CAU0J.jpg>
Package pdftex.def Info: Figures/PH4CAU0J.jpg  used on input line 201.
(pdftex.def)             Requested size: 276.00105pt x 131.38713pt.
<Figures/PH4CAU0K.jpg, id=973, 323.70938pt x 248.42813pt>
File: Figures/PH4CAU0K.jpg Graphic file (type jpg)
<use Figures/PH4CAU0K.jpg>
Package pdftex.def Info: Figures/PH4CAU0K.jpg  used on input line 220.
(pdftex.def)             Requested size: 276.00105pt x 211.82828pt.
 [28 <./Figures/PH4CAU0J.jpg>]
<Figures/PH4CAU0L.jpg, id=979, 1386.68062pt x 1032.10594pt>
File: Figures/PH4CAU0L.jpg Graphic file (type jpg)
<use Figures/PH4CAU0L.jpg>
Package pdftex.def Info: Figures/PH4CAU0L.jpg  used on input line 263.
(pdftex.def)             Requested size: 276.00105pt x 205.42537pt.
 [29 <./Figures/PH4CAU0K.jpg>]
<Figures/PH4CAU0M.jpg, id=986, 1298.60156pt x 868.74562pt>
File: Figures/PH4CAU0M.jpg Graphic file (type jpg)
<use Figures/PH4CAU0M.jpg>
Package pdftex.def Info: Figures/PH4CAU0M.jpg  used on input line 282.
(pdftex.def)             Requested size: 276.00105pt x 184.6292pt.
 [30 <./Figures/PH4CAU0L.jpg> <./Figures/PH4CAU0M.jpg>]
<Figures/PH4CAU0N.jpg, id=994, 1264.725pt x 790.45313pt>
File: Figures/PH4CAU0N.jpg Graphic file (type jpg)
<use Figures/PH4CAU0N.jpg>
Package pdftex.def Info: Figures/PH4CAU0N.jpg  used on input line 316.
(pdftex.def)             Requested size: 276.00105pt x 172.48904pt.


LaTeX Warning: Reference `signal_generator_output' on page 31 undefined on inpu
t line 328.

<Figures/PH4CAU0P.jpg, id=996, 377.91188pt x 291.33844pt>
File: Figures/PH4CAU0P.jpg Graphic file (type jpg)
<use Figures/PH4CAU0P.jpg>
Package pdftex.def Info: Figures/PH4CAU0P.jpg  used on input line 339.
(pdftex.def)             Requested size: 345.0pt x 265.96747pt.
[31 <./Figures/PH4CAU0N.jpg>]
<Figures/PH4CAU0Q_corrected.jpg, id=1004, 318.43968pt x 175.40532pt>
File: Figures/PH4CAU0Q_corrected.jpg Graphic file (type jpg)
<use Figures/PH4CAU0Q_corrected.jpg>
Package pdftex.def Info: Figures/PH4CAU0Q_corrected.jpg  used on input line 365
.
(pdftex.def)             Requested size: 345.0pt x 190.03444pt.
 [32 <./Figures/PH4CAU0P.jpg>]
<Figures/PH4CAU0T.jpg, id=1010, 483.30562pt x 220.57407pt>
File: Figures/PH4CAU0T.jpg Graphic file (type jpg)
<use Figures/PH4CAU0T.jpg>
Package pdftex.def Info: Figures/PH4CAU0T.jpg  used on input line 424.
(pdftex.def)             Requested size: 345.0pt x 157.46019pt.

Underfull \vbox (badness 10000) has occurred while \output is active []

 [33 <./Figures/PH4CAU0Q_corrected.jpg>] [34 <./Figures/PH4CAU0T.jpg>] [35]
<Figures/PH4CAU0W.jpg, id=1027, 344.03531pt x 213.79875pt>
File: Figures/PH4CAU0W.jpg Graphic file (type jpg)
<use Figures/PH4CAU0W.jpg>
Package pdftex.def Info: Figures/PH4CAU0W.jpg  used on input line 557.
(pdftex.def)             Requested size: 276.00105pt x 171.51878pt.
<Figures/PH4CAU0X.jpg, id=1030, 347.04657pt x 292.09125pt>
File: Figures/PH4CAU0X.jpg Graphic file (type jpg)
<use Figures/PH4CAU0X.jpg>
Package pdftex.def Info: Figures/PH4CAU0X.jpg  used on input line 579.
(pdftex.def)             Requested size: 276.00105pt x 232.30501pt.
<Figures/PH4CAU0Y.jpg, id=1031, 434.37282pt x 199.49532pt>
File: Figures/PH4CAU0Y.jpg Graphic file (type jpg)
<use Figures/PH4CAU0Y.jpg>
Package pdftex.def Info: Figures/PH4CAU0Y.jpg  used on input line 586.
(pdftex.def)             Requested size: 345.0pt x 158.45798pt.

Underfull \vbox (badness 10000) has occurred while \output is active []

 [36]
[37 <./Figures/PH4CAU0W.jpg> <./Figures/PH4CAU0X.jpg>] [38 <./Figures/PH4CAU0Y.
jpg>]
<Figures/PH4CAU11.jpg, id=1048, 204.765pt x 14.30344pt>
File: Figures/PH4CAU11.jpg Graphic file (type jpg)
<use Figures/PH4CAU11.jpg>
Package pdftex.def Info: Figures/PH4CAU11.jpg  used on input line 671.
(pdftex.def)             Requested size: 207.0021pt x 14.46053pt.
<Figures/PH4CAU12.jpg, id=1050, 246.1697pt x 180.675pt>
File: Figures/PH4CAU12.jpg Graphic file (type jpg)
<use Figures/PH4CAU12.jpg>
Package pdftex.def Info: Figures/PH4CAU12.jpg  used on input line 683.
(pdftex.def)             Requested size: 276.00105pt x 202.57791pt.
 [39 <./Figures/PH4CAU11.jpg>]
<Figures/PH4CAU13.jpg, id=1062, 316.18124pt x 210.03468pt>
File: Figures/PH4CAU13.jpg Graphic file (type jpg)
<use Figures/PH4CAU13.jpg>
Package pdftex.def Info: Figures/PH4CAU13.jpg  used on input line 756.
(pdftex.def)             Requested size: 345.0pt x 229.19606pt.
<Figures/PH4CAU14.jpg, id=1063, 298.11375pt x 139.27031pt>
File: Figures/PH4CAU14.jpg Graphic file (type jpg)
<use Figures/PH4CAU14.jpg>
Package pdftex.def Info: Figures/PH4CAU14.jpg  used on input line 770.
(pdftex.def)             Requested size: 276.00105pt x 128.94626pt.

Underfull \vbox (badness 6110) has occurred while \output is active []

 [40 <./Figures/PH4CAU12.jpg>]
<Figures/PH4CAU15.jpg, id=1072, 348.55219pt x 303.38344pt>
File: Figures/PH4CAU15.jpg Graphic file (type jpg)
<use Figures/PH4CAU15.jpg>
Package pdftex.def Info: Figures/PH4CAU15.jpg  used on input line 796.
(pdftex.def)             Requested size: 276.00105pt x 240.24431pt.
 [41 <./Figures/PH4CAU13.jpg> <./Figures/PH4CAU14.jpg>]
[42 <./Figures/PH4CAU15.jpg>]
<Figures/PH4CAU17.jpg, id=1085, 353.82187pt x 281.55188pt>
File: Figures/PH4CAU17.jpg Graphic file (type jpg)
<use Figures/PH4CAU17.jpg>
Package pdftex.def Info: Figures/PH4CAU17.jpg  used on input line 871.
(pdftex.def)             Requested size: 345.0pt x 274.53558pt.
 [43] [44 <./Figures/PH4CAU17.jpg>]
<Figures/derivative.jpg, id=1099, 366.36874pt x 257.96375pt>
File: Figures/derivative.jpg Graphic file (type jpg)
<use Figures/derivative.jpg>
Package pdftex.def Info: Figures/derivative.jpg  used on input line 1115.
(pdftex.def)             Requested size: 276.00105pt x 194.34616pt.
 [45] [46 <./Figures/derivative.jpg>]
<Figures/PH4CAU1F.jpg, id=1116, 227.34938pt x 179.16937pt>
File: Figures/PH4CAU1F.jpg Graphic file (type jpg)
<use Figures/PH4CAU1F.jpg>
Package pdftex.def Info: Figures/PH4CAU1F.jpg  used on input line 1218.
(pdftex.def)             Requested size: 276.00105pt x 217.51462pt.
 [47] [48 <./Figures/PH4CAU1F.jpg>])
(./Chapters/DAQ_Measuremnt_V.tex [49] [50]
Chapter 3.
<Figures/PH4CAU1I.jpg, id=1144, 338.01282pt x 269.50688pt>
File: Figures/PH4CAU1I.jpg Graphic file (type jpg)
<use Figures/PH4CAU1I.jpg>
Package pdftex.def Info: Figures/PH4CAU1I.jpg  used on input line 57.
(pdftex.def)             Requested size: 172.5pt x 137.54126pt.
<Figures/PH4CAU1J.jpg, id=1146, 316.93407pt x 123.46124pt>
File: Figures/PH4CAU1J.jpg Graphic file (type jpg)
<use Figures/PH4CAU1J.jpg>
Package pdftex.def Info: Figures/PH4CAU1J.jpg  used on input line 77.
(pdftex.def)             Requested size: 172.5pt x 67.19931pt.
[51

]
<Figures/PH4CAU1L.jpg, id=1153, 250.68657pt x 130.23656pt>
File: Figures/PH4CAU1L.jpg Graphic file (type jpg)
<use Figures/PH4CAU1L.jpg>
Package pdftex.def Info: Figures/PH4CAU1L.jpg  used on input line 107.
(pdftex.def)             Requested size: 137.9979pt x 71.69589pt.
 [52 <./Figures/PH4CAU1I.jpg> <./Figures/PH4CAU1J.jpg>]
<Figures/arduino_right.jpg, id=1160, 1284.8pt x 963.6pt>
File: Figures/arduino_right.jpg Graphic file (type jpg)
<use Figures/arduino_right.jpg>
Package pdftex.def Info: Figures/arduino_right.jpg  used on input line 136.
(pdftex.def)             Requested size: 276.00105pt x 206.99352pt.
 [53 <./Figures/PH4CAU1L.jpg>]
<Figures/PH4CAU1M.jpg, id=1170, 427.5975pt x 283.81032pt>
File: Figures/PH4CAU1M.jpg Graphic file (type jpg)
<use Figures/PH4CAU1M.jpg>
Package pdftex.def Info: Figures/PH4CAU1M.jpg  used on input line 192.
(pdftex.def)             Requested size: 276.00105pt x 183.18832pt.
 [54 <./Figures/arduino_right.jpg>] [55 <./Figures/PH4CAU1M.jpg>]
[56] (./Code/DAQ_voltmeter.ino
Overfull \hbox (3.00354pt too wide) in paragraph at lines 14--15
[][][][][][][][][][][][][][][][][][][][][][][][][][][][][][][][][][][][][][][][
][][][][][][][][][][][][][][][][][][][][][][][][][][] 
 []


Overfull \hbox (3.00354pt too wide) in paragraph at lines 29--30
[][][][][][][][][][][][][][][][][][][][][][][][][][][][][][][][][][][][][][][][
][][][][][][][][][][][][][][][][][][][][][][][][][][][][][][][][][] 
 []

[57])
<Figures/PH4CAU1O.jpg, id=1218, 250.68657pt x 130.23656pt>
File: Figures/PH4CAU1O.jpg Graphic file (type jpg)
<use Figures/PH4CAU1O.jpg>
Package pdftex.def Info: Figures/PH4CAU1O.jpg  used on input line 345.
(pdftex.def)             Requested size: 133.7545pt x 69.9352pt.
 [58 <./Figures/PH4CAU1O.jpg>]
<Figures/PH4CAU1P.jpg, id=1239, 258.21469pt x 382.42876pt>
File: Figures/PH4CAU1P.jpg Graphic file (type jpg)
<use Figures/PH4CAU1P.jpg>
Package pdftex.def Info: Figures/PH4CAU1P.jpg  used on input line 375.
(pdftex.def)             Requested size: 172.5pt x 255.49066pt.
<Figures/PH4CAU1Q.jpg, id=1241, 410.2828pt x 206.27063pt>
File: Figures/PH4CAU1Q.jpg Graphic file (type jpg)
<use Figures/PH4CAU1Q.jpg>
Package pdftex.def Info: Figures/PH4CAU1Q.jpg  used on input line 386.
(pdftex.def)             Requested size: 276.00105pt x 138.75769pt.
 [59 <./Figures/PH4CAU1P.jpg> <./Figures/PH4CAU1Q.jpg>]
<Figures/PH4CAU1R.jpg, id=1250, 318.43968pt x 160.34906pt>
File: Figures/PH4CAU1R.jpg Graphic file (type jpg)
<use Figures/PH4CAU1R.jpg>
Package pdftex.def Info: Figures/PH4CAU1R.jpg  used on input line 410.
(pdftex.def)             Requested size: 276.00105pt x 138.97894pt.
<Figures/PH4CAU1S.jpg, id=1251, 417.05812pt x 210.03468pt>
File: Figures/PH4CAU1S.jpg Graphic file (type jpg)
<use Figures/PH4CAU1S.jpg>
Package pdftex.def Info: Figures/PH4CAU1S.jpg  used on input line 417.
(pdftex.def)             Requested size: 276.00105pt x 139.00468pt.
<Figures/PH4CAU20.jpg, id=1253, 250.68657pt x 130.23656pt>
File: Figures/PH4CAU20.jpg Graphic file (type jpg)
<use Figures/PH4CAU20.jpg>
Package pdftex.def Info: Figures/PH4CAU20.jpg  used on input line 452.
(pdftex.def)             Requested size: 133.7545pt x 69.9352pt.
 [60 <./Figures/PH4CAU1R.jpg> <./Figures/PH4CAU1S.jpg>]
<Figures/PH4CAU1U.jpg, id=1259, 375.65344pt x 207.02344pt>
File: Figures/PH4CAU1U.jpg Graphic file (type jpg)
<use Figures/PH4CAU1U.jpg>
Package pdftex.def Info: Figures/PH4CAU1U.jpg  used on input line 469.
(pdftex.def)             Requested size: 276.00105pt x 152.11458pt.
 [61 <./Figures/PH4CAU20.jpg>]
<Figures/PH4CAU1V.jpg, id=1273, 153.57375pt x 141.52875pt>
File: Figures/PH4CAU1V.jpg Graphic file (type jpg)
<use Figures/PH4CAU1V.jpg>
Package pdftex.def Info: Figures/PH4CAU1V.jpg  used on input line 493.
(pdftex.def)             Requested size: 103.50105pt x 95.38309pt.
<Figures/PH4CAU1W.jpg, id=1275, 493.0922pt x 272.51813pt>
File: Figures/PH4CAU1W.jpg Graphic file (type jpg)
<use Figures/PH4CAU1W.jpg>
Package pdftex.def Info: Figures/PH4CAU1W.jpg  used on input line 517.
(pdftex.def)             Requested size: 276.00105pt x 152.54672pt.
 [62 <./Figures/PH4CAU1U.jpg> <./Figures/PH4CAU1V.jpg>]
<Figures/PH4CAU1Y.jpg, id=1280, 156.585pt x 91.84312pt>
File: Figures/PH4CAU1Y.jpg Graphic file (type jpg)
<use Figures/PH4CAU1Y.jpg>
Package pdftex.def Info: Figures/PH4CAU1Y.jpg  used on input line 546.
(pdftex.def)             Requested size: 103.50105pt x 60.70912pt.

[63 <./Figures/PH4CAU1W.jpg> <./Figures/PH4CAU1Y.jpg>] [64] [65]
(./Code/DAQ_Extended_voltmeter.ino [66])
Underfull \vbox (badness 10000) has occurred while \output is active []

 [67]
[68]
<Figures/PH4CAU21.jpg, id=1351, 250.68657pt x 130.23656pt>
File: Figures/PH4CAU21.jpg Graphic file (type jpg)
<use Figures/PH4CAU21.jpg>
Package pdftex.def Info: Figures/PH4CAU21.jpg  used on input line 923.
(pdftex.def)             Requested size: 133.7545pt x 69.9352pt.
) (./Chapters/Data_to_Computer.tex [69

 <./Figures/PH4CAU21.jpg>] [70

]
Chapter 4.

Underfull \vbox (badness 3209) has occurred while \output is active []

 [71]
<Figures/PH4CAU23.jpg, id=1372, 411.03563pt x 184.43906pt>
File: Figures/PH4CAU23.jpg Graphic file (type jpg)
<use Figures/PH4CAU23.jpg>
Package pdftex.def Info: Figures/PH4CAU23.jpg  used on input line 66.
(pdftex.def)             Requested size: 207.0021pt x 92.88628pt.
<Figures/PH4CAU24.jpg, id=1374, 371.13657pt x 289.08pt>
File: Figures/PH4CAU24.jpg Graphic file (type jpg)
<use Figures/PH4CAU24.jpg>
Package pdftex.def Info: Figures/PH4CAU24.jpg  used on input line 76.
(pdftex.def)             Requested size: 207.0021pt x 161.23528pt.
<Figures/PH4CAU25.jpg, id=1376, 432.86719pt x 289.83281pt>
File: Figures/PH4CAU25.jpg Graphic file (type jpg)
<use Figures/PH4CAU25.jpg>
Package pdftex.def Info: Figures/PH4CAU25.jpg  used on input line 88.
(pdftex.def)             Requested size: 276.00105pt x 184.80687pt.
<Figures/PH4CAU26.jpg, id=1378, 669.2503pt x 293.59688pt>
File: Figures/PH4CAU26.jpg Graphic file (type jpg)
<use Figures/PH4CAU26.jpg>
Package pdftex.def Info: Figures/PH4CAU26.jpg  used on input line 100.
(pdftex.def)             Requested size: 345.0pt x 151.35414pt.

[72 <./Figures/PH4CAU23.jpg>] [73 <./Figures/PH4CAU24.jpg> <./Figures/PH4CAU25.
jpg>]
<Figures/PH4CAU29.jpg, id=1392, 620.3175pt x 361.35pt>
File: Figures/PH4CAU29.jpg Graphic file (type jpg)
<use Figures/PH4CAU29.jpg>
Package pdftex.def Info: Figures/PH4CAU29.jpg  used on input line 146.
(pdftex.def)             Requested size: 345.0pt x 200.97067pt.
 [74 <./Figures/PH4CAU26.jpg>]
<Figures/PH4CAU2B.jpg, id=1398, 550.30594pt x 320.69812pt>
File: Figures/PH4CAU2B.jpg Graphic file (type jpg)
<use Figures/PH4CAU2B.jpg>
Package pdftex.def Info: Figures/PH4CAU2B.jpg  used on input line 168.
(pdftex.def)             Requested size: 345.0pt x 201.0573pt.
<Figures/PH4CAV2L.jpg, id=1400, 424.58624pt x 116.68594pt>
File: Figures/PH4CAV2L.jpg Graphic file (type jpg)
<use Figures/PH4CAV2L.jpg>
Package pdftex.def Info: Figures/PH4CAV2L.jpg  used on input line 255.
(pdftex.def)             Requested size: 345.0pt x 94.81775pt.
 [75 <./Figures/PH4CAU29.jpg>] [76 <./Figures/PH4CAU2B.jpg> <./Figures/PH4CAV2L
.jpg>]
(/usr/share/texlive/texmf-dist/tex/latex/listings/lstlang1.sty
File: lstlang1.sty 2019/09/10 1.8c listings language file
)

LaTeX Warning: Reference `fig:port' on page 77 undefined on input line 319.

<Figures/PH4CAV2M.jpg, id=1410, 438.13687pt x 333.49594pt>
File: Figures/PH4CAV2M.jpg Graphic file (type jpg)
<use Figures/PH4CAV2M.jpg>
Package pdftex.def Info: Figures/PH4CAV2M.jpg  used on input line 322.
(pdftex.def)             Requested size: 276.00105pt x 210.08827pt.
[77] (./Code/Data2Computer_PythonSide_Win.py [78 <./Figures/PH4CAV2M.jpg>]
Underfull \vbox (badness 10000) has occurred while \output is active []

 [79])
(./Code/Data2Computer_ArduinoSide_Win.ino [80]) [81]
Overfull \hbox (4.03397pt too wide) in paragraph at lines 587--592
\OT1/cmr/m/it/10 = open(\/Users/rtlines/Documents/data.csv",\w")\OT1/cmr/m/n/10
 . This is in the form of /User-
 []


Overfull \hbox (5.30463pt too wide) in paragraph at lines 601--609
\OT1/cmr/m/n/10 of code will need look some-thing like \OT1/cmr/m/it/10 ser = s
e-rial.Serial(`/dev/cu.usbmodem1411',
 []

[82] (./Code/Data2Computer_PythonSide_Mac.py
Underfull \vbox (badness 1515) has occurred while \output is active []

 [83])
Underfull \vbox (badness 10000) has occurred while \output is active []

 [84])
(./Chapters/Validation_OhmsLaw.tex [85] [86

]
Chapter 5.
<Figures/PH4CAV2O.jpg, id=1722, 1264.725pt x 790.45313pt>
File: Figures/PH4CAV2O.jpg Graphic file (type jpg)
<use Figures/PH4CAV2O.jpg>
Package pdftex.def Info: Figures/PH4CAV2O.jpg  used on input line 33.
(pdftex.def)             Requested size: 179.93571pt x 119.49156pt.

LaTeX Warning: `!h' float specifier changed to `!ht'.

<Figures/PH4CAV2P.jpg, id=1723, 1264.725pt x 790.45313pt>
File: Figures/PH4CAV2P.jpg Graphic file (type jpg)
<use Figures/PH4CAV2P.jpg>
Package pdftex.def Info: Figures/PH4CAV2P.jpg  used on input line 38.
(pdftex.def)             Requested size: 163.35863pt x 109.67365pt.

LaTeX Warning: `!h' float specifier changed to `!ht'.

[87]
<Figures/PH4CAV2Q.jpg, id=1728, 292.84406pt x 146.04562pt>
File: Figures/PH4CAV2Q.jpg Graphic file (type jpg)
<use Figures/PH4CAV2Q.jpg>
Package pdftex.def Info: Figures/PH4CAV2Q.jpg  used on input line 62.
(pdftex.def)             Requested size: 236.94768pt x 118.88014pt.
 [88 <./Figures/PH4CAV2O.jpg> <./Figures/PH4CAV2P.jpg> <./Figures/PH4CAV2Q.jpg>
]
<Figures/PH4CAV2R.jpg, id=1736, 334.24875pt x 244.66406pt>
File: Figures/PH4CAV2R.jpg Graphic file (type jpg)
<use Figures/PH4CAV2R.jpg>
Package pdftex.def Info: Figures/PH4CAV2R.jpg  used on input line 87.
(pdftex.def)             Requested size: 270.27588pt x 198.18799pt.
 [89 <./Figures/PH4CAV2R.jpg>]
<Figures/PH4CAV2S.jpg, id=1743, 380.92313pt x 278.54062pt>
File: Figures/PH4CAV2S.jpg Graphic file (type jpg)
<use Figures/PH4CAV2S.jpg>
Package pdftex.def Info: Figures/PH4CAV2S.jpg  used on input line 114.
(pdftex.def)             Requested size: 307.75554pt x 225.37865pt.
<Figures/PH4CAV2T.jpg, id=1744, 375.65344pt x 258.21469pt>
File: Figures/PH4CAV2T.jpg Graphic file (type jpg)
<use Figures/PH4CAV2T.jpg>
Package pdftex.def Info: Figures/PH4CAV2T.jpg  used on input line 120.
(pdftex.def)             Requested size: 303.58403pt x 209.07pt.


LaTeX Warning: `!h' float specifier changed to `!ht'.

(./Code/OhmsLaw_SimpleVA.ino
Overfull \hbox (3.00354pt too wide) in paragraph at lines 1--2
[][][][][][][][][][] 
 []

[90 <./Figures/PH4CAV2S.jpg>]
Overfull \hbox (3.00354pt too wide) in paragraph at lines 11--12
[][][][][][][][][][][][][][][][][][][][][][][][][][][][][][][][][][][][][][][][
][][][][][][][][][][][][][][][][][][][][][][][][][][][][] 
 []

[91 <./Figures/PH4CAV2T.jpg>])
Underfull \vbox (badness 10000) has occurred while \output is active []

 [92]
<Figures/PH4CAV2U.jpg, id=1829, 416.30531pt x 261.22594pt>
File: Figures/PH4CAV2U.jpg Graphic file (type jpg)
<use Figures/PH4CAV2U.jpg>
Package pdftex.def Info: Figures/PH4CAV2U.jpg  used on input line 169.
(pdftex.def)             Requested size: 336.2653pt x 211.50015pt.

[93 <./Figures/PH4CAV2U.jpg>] [94] [95] [96] [97]
<Figures/PH4CAV2V.jpg, id=1854, 1264.725pt x 790.45313pt>
File: Figures/PH4CAV2V.jpg Graphic file (type jpg)
<use Figures/PH4CAV2V.jpg>
Package pdftex.def Info: Figures/PH4CAV2V.jpg  used on input line 617.
(pdftex.def)             Requested size: 325.1927pt x 102.36449pt.
 [98 <./Figures/PH4CAV2V.jpg>]
<Figures/PH4CAV2W.jpg, id=1860, 318.43968pt x 243.91125pt>
File: Figures/PH4CAV2W.jpg Graphic file (type jpg)
<use Figures/PH4CAV2W.jpg>
Package pdftex.def Info: Figures/PH4CAV2W.jpg  used on input line 696.
(pdftex.def)             Requested size: 257.49742pt x 197.62285pt.

LaTeX Warning: `!h' float specifier changed to `!ht'.

<Figures/PH4CAV2X.jpg, id=1861, 354.57469pt x 271.76532pt>
File: Figures/PH4CAV2X.jpg Graphic file (type jpg)
<use Figures/PH4CAV2X.jpg>
Package pdftex.def Info: Figures/PH4CAV2X.jpg  used on input line 708.
(pdftex.def)             Requested size: 286.63042pt x 220.00844pt.
[99] [100 <./Figures/PH4CAV2W.jpg> <./Figures/PH4CAV2X.jpg>]
<Figures/PH4CAV2Y.jpg, id=1872, 334.24875pt x 268.00125pt>
File: Figures/PH4CAV2Y.jpg Graphic file (type jpg)
<use Figures/PH4CAV2Y.jpg>
Package pdftex.def Info: Figures/PH4CAV2Y.jpg  used on input line 741.
(pdftex.def)             Requested size: 270.27588pt x 216.93668pt.
<Figures/PH4CAV2Z.jpg, id=1873, 368.87813pt x 281.55188pt>
File: Figures/PH4CAV2Z.jpg Graphic file (type jpg)
<use Figures/PH4CAV2Z.jpg>
Package pdftex.def Info: Figures/PH4CAV2Z.jpg  used on input line 746.
(pdftex.def)             Requested size: 298.12546pt x 227.93976pt.
<Figures/PH4CAV30.jpg, id=1874, 355.3275pt x 270.25969pt>
File: Figures/PH4CAV30.jpg Graphic file (type jpg)
<use Figures/PH4CAV30.jpg>
Package pdftex.def Info: Figures/PH4CAV30.jpg  used on input line 750.
(pdftex.def)             Requested size: 287.19559pt x 218.81842pt.
<Figures/PH4CAV31.jpg, id=1875, 828.09375pt x 393.72093pt>
File: Figures/PH4CAV31.jpg Graphic file (type jpg)
<use Figures/PH4CAV31.jpg>
Package pdftex.def Info: Figures/PH4CAV31.jpg  used on input line 754.
(pdftex.def)             Requested size: 341.75716pt x 162.99463pt.


LaTeX Warning: `!h' float specifier changed to `!ht'.


LaTeX Warning: `!h' float specifier changed to `!ht'.


LaTeX Warning: `!h' float specifier changed to `!ht'.

<Figures/PH4CAV32.jpg, id=1876, 242.40562pt x 246.1697pt>
File: Figures/PH4CAV32.jpg Graphic file (type jpg)
<use Figures/PH4CAV32.jpg>
Package pdftex.def Info: Figures/PH4CAV32.jpg  used on input line 765.
(pdftex.def)             Requested size: 196.38075pt x 199.44518pt.
<Figures/PH4CAV33.jpg, id=1877, 279.29344pt x 252.19218pt>
File: Figures/PH4CAV33.jpg Graphic file (type jpg)
<use Figures/PH4CAV33.jpg>
Package pdftex.def Info: Figures/PH4CAV33.jpg  used on input line 769.
(pdftex.def)             Requested size: 226.06876pt x 204.25145pt.
<Figures/PH4CAV34.jpg, id=1878, 523.20468pt x 285.31593pt>
File: Figures/PH4CAV34.jpg Graphic file (type jpg)
<use Figures/PH4CAV34.jpg>
Package pdftex.def Info: Figures/PH4CAV34.jpg  used on input line 772.
(pdftex.def)             Requested size: 306.75609pt x 167.75156pt.
<Figures/PH4CAW35.jpg, id=1879, 571.38469pt x 184.43906pt>
File: Figures/PH4CAW35.jpg Graphic file (type jpg)
<use Figures/PH4CAW35.jpg>
Package pdftex.def Info: Figures/PH4CAW35.jpg  used on input line 779.
(pdftex.def)             Requested size: 461.06662pt x 149.7494pt.

Overfull \hbox (116.06662pt too wide) in paragraph at lines 778--780
[][] 
 []

[101 <./Figures/PH4CAV2Y.jpg>]

LaTeX Warning: `!h' float specifier changed to `!ht'.


LaTeX Warning: `!h' float specifier changed to `!ht'.


LaTeX Warning: `!h' float specifier changed to `!ht'.

[102 <./Figures/PH4CAV2Z.jpg> <./Figures/PH4CAV30.jpg>]

LaTeX Warning: `!h' float specifier changed to `!ht'.

[103 <./Figures/PH4CAV31.jpg> <./Figures/PH4CAV32.jpg>] [104 <./Figures/PH4CAV3
3.jpg> <./Figures/PH4CAV34.jpg>] [105 <./Figures/PH4CAW35.jpg>] [106] [107]
Overfull \hbox (35.16837pt too wide) detected at line 1047
[][] \OT1/cmr/m/n/10 = [][] = 1129\OML/cmm/m/it/10 : \OT1/cmr/m/n/10 0
[]
 []

[108]
Overfull \hbox (31.18224pt too wide) detected at line 1136
[][] \OT1/cmr/m/n/10 = [][] = 282\OML/cmm/m/it/10 : \OT1/cmr/m/n/10 24
[]
 []

[109] [110]
<Figures/PH4CAW36.jpg, id=1942, 250.68657pt x 130.23656pt>
File: Figures/PH4CAW36.jpg Graphic file (type jpg)
<use Figures/PH4CAW36.jpg>
Package pdftex.def Info: Figures/PH4CAW36.jpg  used on input line 1271.
(pdftex.def)             Requested size: 133.7545pt x 69.9352pt.
) [111 <./Figures/PH4CAW36.jpg>] [112

] [113] [114]
(./Chapters/Resistors_Capacitors.tex
Chapter 6.
<Figures/PH4CAW37.jpg, id=1974, 148.30406pt x 148.30406pt>
File: Figures/PH4CAW37.jpg Graphic file (type jpg)
<use Figures/PH4CAW37.jpg>
Package pdftex.def Info: Figures/PH4CAW37.jpg  used on input line 15.
(pdftex.def)             Requested size: 120.69588pt x 120.69588pt.
[115

 <./Figures/PH4CAW37.jpg>]
<Figures/PH4CAW38.jpg, id=1981, 1264.725pt x 790.45313pt>
File: Figures/PH4CAW38.jpg Graphic file (type jpg)
<use Figures/PH4CAW38.jpg>
Package pdftex.def Info: Figures/PH4CAW38.jpg  used on input line 72.
(pdftex.def)             Requested size: 208.74782pt x 114.18459pt.
 [116 <./Figures/PH4CAW38.jpg>]
<Figures/PH4CAW39.jpg, id=1987, 198.7425pt x 164.11313pt>
File: Figures/PH4CAW39.jpg Graphic file (type jpg)
<use Figures/PH4CAW39.jpg>
Package pdftex.def Info: Figures/PH4CAW39.jpg  used on input line 149.
(pdftex.def)             Requested size: 161.31714pt x 133.37663pt.
 [117]
<Figures/PH4CAW3A.jpg, id=1992, 433.62pt x 257.46187pt>
File: Figures/PH4CAW3A.jpg Graphic file (type jpg)
<use Figures/PH4CAW3A.jpg>
Package pdftex.def Info: Figures/PH4CAW3A.jpg  used on input line 157.
(pdftex.def)             Requested size: 236.75159pt x 140.9366pt.

(./Code/RC_Volts_vsTime.ino [118 <./Figures/PH4CAW39.jpg> <./Figures/PH4CAW3A.j
pg>]) [119] (./Code/RC_ReadSaveFile.py [120]
Underfull \vbox (badness 10000) has occurred while \output is active []

 [121])
<Figures/PH4CAX3B.jpg, id=2173, 259.7203pt x 155.83218pt>
File: Figures/PH4CAX3B.jpg Graphic file (type jpg)
<use Figures/PH4CAX3B.jpg>
Package pdftex.def Info: Figures/PH4CAX3B.jpg  used on input line 183.
(pdftex.def)             Requested size: 210.31284pt x 126.74887pt.
<Figures/PH4CAX3C.jpg, id=2174, 236.38312pt x 199.49532pt>
File: Figures/PH4CAX3C.jpg Graphic file (type jpg)
<use Figures/PH4CAX3C.jpg>
Package pdftex.def Info: Figures/PH4CAX3C.jpg  used on input line 206.
(pdftex.def)             Requested size: 191.50534pt x 161.88557pt.


LaTeX Warning: `!h' float specifier changed to `!ht'.

<Figures/PH4CAX3D.jpg, id=2175, 453.94594pt x 184.43906pt>
File: Figures/PH4CAX3D.jpg Graphic file (type jpg)
<use Figures/PH4CAX3D.jpg>
Package pdftex.def Info: Figures/PH4CAX3D.jpg  used on input line 211.
(pdftex.def)             Requested size: 366.56516pt x 149.7494pt.

Overfull \hbox (21.56516pt too wide) in paragraph at lines 211--212
[][] 
 []

<Figures/PH4CAX3E.jpg, id=2176, 287.57437pt x 260.47313pt>
File: Figures/PH4CAX3E.jpg Graphic file (type jpg)
<use Figures/PH4CAX3E.jpg>
Package pdftex.def Info: Figures/PH4CAX3E.jpg  used on input line 215.
(pdftex.def)             Requested size: 232.69263pt x 210.93437pt.

LaTeX Warning: `!h' float specifier changed to `!ht'.


LaTeX Warning: `!h' float specifier changed to `!ht'.

<Figures/PH4CAX3F.jpg, id=2177, 463.7325pt x 248.42813pt>
File: Figures/PH4CAX3F.jpg Graphic file (type jpg)
<use Figures/PH4CAX3F.jpg>
Package pdftex.def Info: Figures/PH4CAX3F.jpg  used on input line 221.
(pdftex.def)             Requested size: 374.38297pt x 201.18777pt.

Overfull \hbox (29.38297pt too wide) in paragraph at lines 220--222
[][] 
 []

<Figures/PH4CAX3G.jpg, id=2178, 120.45pt x 129.48375pt>
File: Figures/PH4CAX3G.jpg Graphic file (type jpg)
<use Figures/PH4CAX3G.jpg>
Package pdftex.def Info: Figures/PH4CAX3G.jpg  used on input line 225.
(pdftex.def)             Requested size: 98.31934pt x 105.5688pt.
<Figures/PH4CAX3H.jpg, id=2179, 402.00188pt x 255.95625pt>
File: Figures/PH4CAX3H.jpg Graphic file (type jpg)
<use Figures/PH4CAX3H.jpg>
Package pdftex.def Info: Figures/PH4CAX3H.jpg  used on input line 228.
(pdftex.def)             Requested size: 324.74869pt x 207.2492pt.

LaTeX Warning: `!h' float specifier changed to `!ht'.


LaTeX Warning: `!h' float specifier changed to `!ht'.


LaTeX Warning: `!h' float specifier changed to `!ht'.

[122 <./Figures/PH4CAX3B.jpg>]
<Figures/PH4CAX3I.jpg, id=2189, 389.95688pt x 145.29282pt>
File: Figures/PH4CAX3I.jpg Graphic file (type jpg)
<use Figures/PH4CAX3I.jpg>
Package pdftex.def Info: Figures/PH4CAX3I.jpg  used on input line 242.
(pdftex.def)             Requested size: 236.74875pt x 88.879pt.


LaTeX Warning: `!h' float specifier changed to `!ht'.


Underfull \vbox (badness 1275) has occurred while \output is active []

 [123 <./Figures/PH4CAX3C.jpg> <./Figures/PH4CAX3D.jpg>]
<Figures/PH4CAX3J.jpg, id=2196, 408.02437pt x 257.46187pt>
File: Figures/PH4CAX3J.jpg Graphic file (type jpg)
<use Figures/PH4CAX3J.jpg>
Package pdftex.def Info: Figures/PH4CAX3J.jpg  used on input line 265.
(pdftex.def)             Requested size: 329.63875pt x 208.44475pt.


LaTeX Warning: `!h' float specifier changed to `!ht'.

<Figures/PH4CAX3K.jpg, id=2197, 458.46281pt x 245.41687pt>
File: Figures/PH4CAX3K.jpg Graphic file (type jpg)
<use Figures/PH4CAX3K.jpg>
Package pdftex.def Info: Figures/PH4CAX3K.jpg  used on input line 271.
(pdftex.def)             Requested size: 370.14261pt x 198.82027pt.

Overfull \hbox (25.14261pt too wide) in paragraph at lines 271--272
[][] 
 []

<Figures/PH4CAX3L.jpg, id=2198, 206.27063pt x 182.93344pt>
File: Figures/PH4CAX3L.jpg Graphic file (type jpg)
<use Figures/PH4CAX3L.jpg>
Package pdftex.def Info: Figures/PH4CAX3L.jpg  used on input line 276.
(pdftex.def)             Requested size: 167.31433pt x 148.57162pt.

LaTeX Warning: `!h' float specifier changed to `!ht'.

[124 <./Figures/PH4CAX3E.jpg> <./Figures/PH4CAX3F.jpg>]

LaTeX Warning: `!h' float specifier changed to `!ht'.

<Figures/PH4CAX3M.jpg, id=2206, 232.61906pt x 240.9pt>
File: Figures/PH4CAX3M.jpg Graphic file (type jpg)
<use Figures/PH4CAX3M.jpg>
Package pdftex.def Info: Figures/PH4CAX3M.jpg  used on input line 284.
(pdftex.def)             Requested size: 188.50914pt x 195.19408pt.

LaTeX Warning: `!h' float specifier changed to `!ht'.

<Figures/PH4CAX3N.jpg, id=2207, 389.20406pt x 336.50719pt>
File: Figures/PH4CAX3N.jpg Graphic file (type jpg)
<use Figures/PH4CAX3N.jpg>
Package pdftex.def Info: Figures/PH4CAX3N.jpg  used on input line 290.
(pdftex.def)             Requested size: 314.45183pt x 272.06097pt.

LaTeX Warning: `!h' float specifier changed to `!ht'.

<Figures/PH4CAX3O.jpg, id=2208, 268.75406pt x 278.54062pt>
File: Figures/PH4CAX3O.jpg Graphic file (type jpg)
<use Figures/PH4CAX3O.jpg>
Package pdftex.def Info: Figures/PH4CAX3O.jpg  used on input line 295.
(pdftex.def)             Requested size: 217.56247pt x 225.37865pt.
<Figures/PH4CAX3P.jpg, id=2209, 388.45125pt x 280.79906pt>
File: Figures/PH4CAX3P.jpg Graphic file (type jpg)
<use Figures/PH4CAX3P.jpg>
Package pdftex.def Info: Figures/PH4CAX3P.jpg  used on input line 299.
(pdftex.def)             Requested size: 313.88509pt x 227.30888pt.
[125 <./Figures/PH4CAX3G.jpg> <./Figures/PH4CAX3H.jpg> <./Figures/PH4CAX3I.jpg>
]

LaTeX Warning: `!h' float specifier changed to `!ht'.


LaTeX Warning: `!h' float specifier changed to `!ht'.

<Figures/PH4CAX3Q.jpg, id=2218, 455.45157pt x 243.91125pt>
File: Figures/PH4CAX3Q.jpg Graphic file (type jpg)
<use Figures/PH4CAX3Q.jpg>
Package pdftex.def Info: Figures/PH4CAX3Q.jpg  used on input line 308.
(pdftex.def)             Requested size: 367.76012pt x 197.62285pt.

Overfull \hbox (22.76012pt too wide) in paragraph at lines 308--309
[][] 
 []


LaTeX Warning: `!h' float specifier changed to `!ht'.

[126 <./Figures/PH4CAX3J.jpg> <./Figures/PH4CAX3K.jpg>] [127 <./Figures/PH4CAX3
L.jpg> <./Figures/PH4CAX3M.jpg>]
Overfull \vbox (4.50865pt too high) has occurred while \output is active []


[128 <./Figures/PH4CAX3N.jpg> <./Figures/PH4CAX3O.jpg>] [129 <./Figures/PH4CAX3
P.jpg> <./Figures/PH4CAX3Q.jpg>] [130]
<Figures/PH4CAX3R.jpg, id=2248, 148.30406pt x 148.30406pt>
File: Figures/PH4CAX3R.jpg Graphic file (type jpg)
<use Figures/PH4CAX3R.jpg>
Package pdftex.def Info: Figures/PH4CAX3R.jpg  used on input line 379.
(pdftex.def)             Requested size: 120.69588pt x 120.69588pt.
 [131 <./Figures/PH4CAX3R.jpg>])
(./Chapters/DataLogging.tex [132]
Chapter 7.
<Figures/20200309_133406.jpg, id=2268, 4047.12pt x 3035.34pt>
File: Figures/20200309_133406.jpg Graphic file (type jpg)
<use Figures/20200309_133406.jpg>
Package pdftex.def Info: Figures/20200309_133406.jpg  used on input line 13.
(pdftex.def)             Requested size: 261.15765pt x 173.26628pt.
<Figures/20200309_133450.jpg, id=2269, 4047.12pt x 3035.34pt>
File: Figures/20200309_133450.jpg Graphic file (type jpg)
<use Figures/20200309_133450.jpg>
Package pdftex.def Info: Figures/20200309_133450.jpg  used on input line 17.
(pdftex.def)             Requested size: 261.15765pt x 173.26628pt.

LaTeX Warning: `!h' float specifier changed to `!ht'.


LaTeX Warning: `!h' float specifier changed to `!ht'.

[133

] [134 <./Figures/20200309_133406.jpg> <./Figures/20200309_133450.jpg>]
<Figures/20200310_110036.jpg, id=2279, 4047.12pt x 3035.34pt>
File: Figures/20200310_110036.jpg Graphic file (type jpg)
<use Figures/20200310_110036.jpg>
Package pdftex.def Info: Figures/20200310_110036.jpg  used on input line 35.
(pdftex.def)             Requested size: 261.15765pt x 173.26628pt.

[135 <./Figures/20200310_110036.jpg>] (./Code/DataLog.ino [136] [137] [138]
Overfull \hbox (3.00354pt too wide) in paragraph at lines 151--152
[][][][][][][][][][][][] 
 []


Overfull \hbox (3.00354pt too wide) in paragraph at lines 155--157
[][][][][][][][][][][][] 
 []

[139])) (./Chapters/RLC_Circuits_P1.tex [140]
Chapter 8.
<Figures/PH4CAX4B.jpg, id=2498, 158.09062pt x 82.80937pt>
File: Figures/PH4CAX4B.jpg Graphic file (type jpg)
<use Figures/PH4CAX4B.jpg>
Package pdftex.def Info: Figures/PH4CAX4B.jpg  used on input line 34.
(pdftex.def)             Requested size: 142.88812pt x 75.00536pt.

LaTeX Warning: `!h' float specifier changed to `!ht'.

[141

] [142 <./Figures/PH4CAX4B.jpg>]
<Figures/PH4CAX4C.jpg, id=2508, 1084.05pt x 770.12718pt>
File: Figures/PH4CAX4C.jpg Graphic file (type jpg)
<use Figures/PH4CAX4C.jpg>
Package pdftex.def Info: Figures/PH4CAX4C.jpg  used on input line 113.
(pdftex.def)             Requested size: 132.85931pt x 102.62305pt.
 [143 <./Figures/PH4CAX4C.jpg>]
<Figures/PH4CAX4D.jpg, id=2516, 602.25pt x 453.94594pt>
File: Figures/PH4CAX4D.jpg Graphic file (type jpg)
<use Figures/PH4CAX4D.jpg>
Package pdftex.def Info: Figures/PH4CAX4D.jpg  used on input line 166.
(pdftex.def)             Requested size: 235.189pt x 177.246pt.


LaTeX Warning: `!h' float specifier changed to `!ht'.

[144] [145 <./Figures/PH4CAX4D.jpg>]
<Figures/PH4CAX4E.jpg, id=2527, 1264.725pt x 790.45313pt>
File: Figures/PH4CAX4E.jpg Graphic file (type jpg)
<use Figures/PH4CAX4E.jpg>
Package pdftex.def Info: Figures/PH4CAX4E.jpg  used on input line 259.
(pdftex.def)             Requested size: 325.1734pt x 216.80237pt.


LaTeX Warning: `!h' float specifier changed to `!ht'.

[146]

LaTeX Warning: Reference `Criticall Damping Criteria' on page 147 undefined on 
input line 290.

<Figures/PH4CAX4F.jpg, id=2535, 415.5525pt x 199.49532pt>
File: Figures/PH4CAX4F.jpg Graphic file (type jpg)
<use Figures/PH4CAX4F.jpg>
Package pdftex.def Info: Figures/PH4CAX4F.jpg  used on input line 293.
(pdftex.def)             Requested size: 336.03769pt x 162.05605pt.
<Figures/PH4CAX4G.jpg, id=2536, 377.91188pt x 283.0575pt>
File: Figures/PH4CAX4G.jpg Graphic file (type jpg)
<use Figures/PH4CAX4G.jpg>
Package pdftex.def Info: Figures/PH4CAX4G.jpg  used on input line 300.
(pdftex.def)             Requested size: 305.7033pt x 229.2969pt.
[147 <./Figures/PH4CAX4E.jpg> <./Figures/PH4CAX4F.jpg>])
(./Chapters/RLC_Circuits_P2.tex [148 <./Figures/PH4CAX4G.jpg>]
Chapter 9.
<Figures/PH4CAX4H.jpg, id=2555, 1264.725pt x 790.45313pt>
File: Figures/PH4CAX4H.jpg Graphic file (type jpg)
<use Figures/PH4CAX4H.jpg>
Package pdftex.def Info: Figures/PH4CAX4H.jpg  used on input line 17.
(pdftex.def)             Requested size: 325.1734pt x 131.5529pt.
[149

 <./Figures/PH4CAX4H.jpg>]
<Figures/PH4CAX4I.jpg, id=2562, 172.39406pt x 120.45pt>
File: Figures/PH4CAX4I.jpg Graphic file (type jpg)
<use Figures/PH4CAX4I.jpg>
Package pdftex.def Info: Figures/PH4CAX4I.jpg  used on input line 28.
(pdftex.def)             Requested size: 140.25659pt x 98.39836pt.

Overfull \hbox (0.83394pt too wide) in paragraph at lines 52--60
[]\OT1/cmr/m/n/10 The os-cil-lo-scope, power sup-ply, and sig-nal gen-er-a-tor 
are all grounded through
 []

<Figures/PH4CAX4J.jpg, id=2563, 439.6425pt x 217.5628pt>
File: Figures/PH4CAX4J.jpg Graphic file (type jpg)
<use Figures/PH4CAX4J.jpg>
Package pdftex.def Info: Figures/PH4CAX4J.jpg  used on input line 70.
(pdftex.def)             Requested size: 355.39067pt x 176.60999pt.

Overfull \hbox (10.39067pt too wide) in paragraph at lines 69--71
[][] 
 []


LaTeX Warning: `!h' float specifier changed to `!ht'.

<Figures/PH4CAX4K.jpg, id=2564, 356.83313pt x 271.0125pt>
File: Figures/PH4CAX4K.jpg Graphic file (type jpg)
<use Figures/PH4CAX4K.jpg>
Package pdftex.def Info: Figures/PH4CAX4K.jpg  used on input line 75.
(pdftex.def)             Requested size: 288.3853pt x 219.38245pt.
[150 <./Figures/PH4CAX4I.jpg>]
Underfull \vbox (badness 1194) has occurred while \output is active []

 [151 <./Figures/PH4CAX4J.jpg> <./Figures/PH4CAX4K.jpg>] (./Code/RLCPart2_pm5Vs
ignal.ino
[152])
<Figures/PH4CAX4L.jpg, id=2597, 1264.725pt x 790.45313pt>
File: Figures/PH4CAX4L.jpg Graphic file (type jpg)
<use Figures/PH4CAX4L.jpg>
Package pdftex.def Info: Figures/PH4CAX4L.jpg  used on input line 145.
(pdftex.def)             Requested size: 325.1734pt x 129.50247pt.


LaTeX Warning: `!h' float specifier changed to `!ht'.

[153]
<Figures/PH4CAX4M.jpg, id=2626, 1264.725pt x 790.45313pt>
File: Figures/PH4CAX4M.jpg Graphic file (type jpg)
<use Figures/PH4CAX4M.jpg>
Package pdftex.def Info: Figures/PH4CAX4M.jpg  used on input line 167.
(pdftex.def)             Requested size: 325.1734pt x 118.18895pt.
<Figures/PH4CAX4N.jpg, id=2627, 1264.725pt x 790.45313pt>
File: Figures/PH4CAX4N.jpg Graphic file (type jpg)
<use Figures/PH4CAX4N.jpg>
Package pdftex.def Info: Figures/PH4CAX4N.jpg  used on input line 175.
(pdftex.def)             Requested size: 325.1734pt x 118.18895pt.
<Figures/PH4CAX4O.jpg, id=2628, 1264.725pt x 790.45313pt>
File: Figures/PH4CAX4O.jpg Graphic file (type jpg)
<use Figures/PH4CAX4O.jpg>
Package pdftex.def Info: Figures/PH4CAX4O.jpg  used on input line 181.
(pdftex.def)             Requested size: 325.1734pt x 118.18895pt.


LaTeX Warning: `!h' float specifier changed to `!ht'.


LaTeX Warning: `!h' float specifier changed to `!ht'.

<Figures/PH4CAX4P.jpg, id=2629, 1264.725pt x 790.45313pt>
File: Figures/PH4CAX4P.jpg Graphic file (type jpg)
<use Figures/PH4CAX4P.jpg>
Package pdftex.def Info: Figures/PH4CAX4P.jpg  used on input line 186.
(pdftex.def)             Requested size: 325.1734pt x 118.18895pt.

LaTeX Warning: `!h' float specifier changed to `!ht'.

[154 <./Figures/PH4CAX4L.jpg> <./Figures/PH4CAX4M.jpg>]
<Figures/PH4CAX4Q.jpg, id=2636, 1264.725pt x 790.45313pt>
File: Figures/PH4CAX4Q.jpg Graphic file (type jpg)
<use Figures/PH4CAX4Q.jpg>
Package pdftex.def Info: Figures/PH4CAX4Q.jpg  used on input line 213.
(pdftex.def)             Requested size: 325.1734pt x 216.80237pt.


LaTeX Warning: `!h' float specifier changed to `!ht'.

[155 <./Figures/PH4CAX4N.jpg> <./Figures/PH4CAX4O.jpg> <./Figures/PH4CAX4P.jpg>
]

LaTeX Warning: Reference `Criticall Damping Criteria' on page 156 undefined on 
input line 230.

<Figures/PH4CAX4R.jpg, id=2646, 415.5525pt x 199.49532pt>
File: Figures/PH4CAX4R.jpg Graphic file (type jpg)
<use Figures/PH4CAX4R.jpg>
Package pdftex.def Info: Figures/PH4CAX4R.jpg  used on input line 233.
(pdftex.def)             Requested size: 336.03769pt x 162.05605pt.

LaTeX Warning: `!h' float specifier changed to `!ht'.

<Figures/PH4CAX4S.jpg, id=2647, 250.68657pt x 130.23656pt>
File: Figures/PH4CAX4S.jpg Graphic file (type jpg)
<use Figures/PH4CAX4S.jpg>
Package pdftex.def Info: Figures/PH4CAX4S.jpg  used on input line 252.
(pdftex.def)             Requested size: 203.0091pt x 106.12099pt.
[156 <./Figures/PH4CAX4Q.jpg>]) [157 <./Figures/PH4CAX4R.jpg> <./Figures/PH4CAX
4S.jpg>] [158

] [159] [160] (./Chapters/Student_Designed_Experiments.tex
Chapter 10.
[161

]
<Figures/PH4CAX4T.jpg, id=2694, 367.3725pt x 543.53062pt>
File: Figures/PH4CAX4T.jpg Graphic file (type jpg)
<use Figures/PH4CAX4T.jpg>
Package pdftex.def Info: Figures/PH4CAX4T.jpg  used on input line 65.
(pdftex.def)             Requested size: 382.34425pt x 564.08911pt.

Overfull \hbox (37.34425pt too wide) in paragraph at lines 65--66
[][] 
 []


LaTeX Warning: Float too large for page by 14.08911pt on input line 66.


LaTeX Warning: `!h' float specifier changed to `!ht'.

[162] [163] [164]) [165] [166 <./Figures/PH4CAX4T.jpg>]
Package atveryend Info: Empty hook `BeforeClearDocument' on input line 89.
Package atveryend Info: Empty hook `AfterLastShipout' on input line 89.

(./PH250_Lab_Manual_1.0.aux)
Package atveryend Info: Executing hook `AtVeryEndDocument' on input line 89.
Package atveryend Info: Executing hook `AtEndAfterFileList' on input line 89.
Package rerunfilecheck Info: File `PH250_Lab_Manual_1.0.out' has not changed.
(rerunfilecheck)             Checksum: 4A2A1CACCDC4F4036CA059D20EB034CA;6807.


LaTeX Warning: There were undefined references.

 ) 
Here is how much of TeX's memory you used:
 28592 strings out of 483107
 559618 string characters out of 5964631
 1288622 words of memory out of 5000000
 41639 multiletter control sequences out of 15000+600000
 546288 words of font info for 77 fonts, out of 8000000 for 9000
 59 hyphenation exceptions out of 8191
 64i,11n,103p,880b,2171s stack positions out of 5000i,500n,10000p,200000b,80000s
{/usr/share/texlive/texmf-dist/fonts/enc/dvips/base/8r.enc} </home/kevin/.tex
live2019/texmf-var/fonts/pk/ljfour/jknappen/ec/tcrm1000.600pk></usr/share/texli
ve/texmf-dist/fonts/type1/public/amsfonts/cm/cmbx10.pfb></usr/share/texlive/tex
mf-dist/fonts/type1/public/amsfonts/cm/cmbx12.pfb></usr/share/texlive/texmf-dis
t/fonts/type1/public/amsfonts/cm/cmbxti10.pfb></usr/share/texlive/texmf-dist/fo
nts/type1/public/amsfonts/cm/cmcsc10.pfb></usr/share/texlive/texmf-dist/fonts/t
ype1/public/amsfonts/cm/cmex10.pfb></usr/share/texlive/texmf-dist/fonts/type1/p
ublic/amsfonts/cm/cmmi10.pfb></usr/share/texlive/texmf-dist/fonts/type1/public/
amsfonts/cm/cmmi5.pfb></usr/share/texlive/texmf-dist/fonts/type1/public/amsfont
s/cm/cmmi7.pfb></usr/share/texlive/texmf-dist/fonts/type1/public/amsfonts/cm/cm
r10.pfb></usr/share/texlive/texmf-dist/fonts/type1/public/amsfonts/cm/cmr12.pfb
></usr/share/texlive/texmf-dist/fonts/type1/public/amsfonts/cm/cmr17.pfb></usr/
share/texlive/texmf-dist/fonts/type1/public/amsfonts/cm/cmr5.pfb></usr/share/te
xlive/texmf-dist/fonts/type1/public/amsfonts/cm/cmr6.pfb></usr/share/texlive/te
xmf-dist/fonts/type1/public/amsfonts/cm/cmr7.pfb></usr/share/texlive/texmf-dist
/fonts/type1/public/amsfonts/cm/cmr8.pfb></usr/share/texlive/texmf-dist/fonts/t
ype1/public/amsfonts/cm/cmsl10.pfb></usr/share/texlive/texmf-dist/fonts/type1/p
ublic/amsfonts/cm/cmsy10.pfb></usr/share/texlive/texmf-dist/fonts/type1/public/
amsfonts/cm/cmsy5.pfb></usr/share/texlive/texmf-dist/fonts/type1/public/amsfont
s/cm/cmsy7.pfb></usr/share/texlive/texmf-dist/fonts/type1/public/amsfonts/cm/cm
ti10.pfb></usr/share/texlive/texmf-dist/fonts/type1/public/amsfonts/cm/cmtt10.p
fb></usr/share/texlive/texmf-dist/fonts/type1/public/amsfonts/cm/cmtt8.pfb></us
r/share/texlive/texmf-dist/fonts/type1/urw/courier/ucrb8a.pfb></usr/share/texli
ve/texmf-dist/fonts/type1/urw/courier/ucrr8a.pfb></usr/share/texlive/texmf-dist
/fonts/type1/urw/courier/ucrro8a.pfb>
Output written on PH250_Lab_Manual_1.0.pdf (180 pages, 15941346 bytes).
PDF statistics:
 3107 PDF objects out of 3580 (max. 8388607)
 2718 compressed objects within 28 object streams
 1410 named destinations out of 1440 (max. 500000)
 1533 words of extra memory for PDF output out of 10000 (max. 10000000)

