\BOOKMARK [0][-]{chapter*.3}{Preface}{}% 1
\BOOKMARK [0][-]{chapter*.4}{Introduction}{}% 2
\BOOKMARK [1][-]{section*.5}{Keeping a Lab Notebook}{chapter*.4}% 3
\BOOKMARK [1][-]{section*.6}{Using This Lab Manual}{chapter*.4}% 4
\BOOKMARK [-1][-]{part.1}{I Computer Interfacing}{}% 5
\BOOKMARK [0][-]{chapter.1}{Introduction to the Arduino}{part.1}% 6
\BOOKMARK [1][-]{section.1.1}{Building circuits}{chapter.1}% 7
\BOOKMARK [2][-]{subsection.1.1.1}{Temporary circuits: the prototyping board}{section.1.1}% 8
\BOOKMARK [2][-]{subsection.1.1.2}{Durable circuits: soldering}{section.1.1}% 9
\BOOKMARK [1][-]{section.1.2}{Arduino Circuit Control}{chapter.1}% 10
\BOOKMARK [2][-]{subsection.1.2.1}{Attaching the Arduino to the circuit}{section.1.2}% 11
\BOOKMARK [2][-]{subsection.1.2.2}{The Arduino sketch: an introduction}{section.1.2}% 12
\BOOKMARK [2][-]{subsection.1.2.3}{Compiling and uploading the sketch}{section.1.2}% 13
\BOOKMARK [1][-]{section.1.3}{Adding More Complexity}{chapter.1}% 14
\BOOKMARK [0][-]{chapter.2}{Electrical Measuring Devices}{part.1}% 15
\BOOKMARK [1][-]{section.2.1}{What We Measure: Voltage }{chapter.2}% 16
\BOOKMARK [1][-]{section.2.2}{Sources of DC and AC potentials}{chapter.2}% 17
\BOOKMARK [2][-]{subsection.2.2.1}{DC Power Supply}{section.2.2}% 18
\BOOKMARK [2][-]{subsection.2.2.2}{Signal Generator}{section.2.2}% 19
\BOOKMARK [1][-]{section.2.3}{Instruments for Measuring Voltage}{chapter.2}% 20
\BOOKMARK [2][-]{subsection.2.3.1}{Voltmeters}{section.2.3}% 21
\BOOKMARK [2][-]{subsection.2.3.2}{Oscilloscopes}{section.2.3}% 22
\BOOKMARK [1][-]{section.2.4}{Measurement Uncertainty: A Review}{chapter.2}% 23
\BOOKMARK [1][-]{section.2.5}{Measuring Something Else: Current}{chapter.2}% 24
\BOOKMARK [2][-]{subsection.2.5.1}{Current is a Flow}{section.2.5}% 25
\BOOKMARK [2][-]{subsection.2.5.2}{The Physics of Measuring Electric Current}{section.2.5}% 26
\BOOKMARK [2][-]{subsection.2.5.3}{How to Build an Ammeter}{section.2.5}% 27
\BOOKMARK [2][-]{subsection.2.5.4}{Testing the New Instrument}{section.2.5}% 28
\BOOKMARK [1][-]{section.2.6}{Propagation of Uncertainty: A Review}{chapter.2}% 29
\BOOKMARK [1][-]{section.2.7}{Calculating the Uncertainty in Current}{chapter.2}% 30
\BOOKMARK [0][-]{chapter.3}{First DAQ Measurements: Voltage}{part.1}% 31
\BOOKMARK [1][-]{section.3.1}{Building a voltmeter}{chapter.3}% 32
\BOOKMARK [2][-]{subsection.3.1.1}{Wiring the simple voltmeter}{section.3.1}% 33
\BOOKMARK [2][-]{subsection.3.1.2}{Seeing the data}{section.3.1}% 34
\BOOKMARK [1][-]{section.3.2}{Extending our voltmeter with a voltage divider}{chapter.3}% 35
\BOOKMARK [1][-]{section.3.3}{Practice Problems}{chapter.3}% 36
\BOOKMARK [1][-]{section.3.4}{Lab Assignment}{chapter.3}% 37
\BOOKMARK [0][-]{chapter.4}{Getting data to the Computer}{part.1}% 38
\BOOKMARK [1][-]{section.4.1}{How to get Python}{chapter.4}% 39
\BOOKMARK [2][-]{subsection.4.1.1}{Getting Anaconda Python}{section.4.1}% 40
\BOOKMARK [2][-]{subsection.4.1.2}{Getting the PySerial library for Anaconda.}{section.4.1}% 41
\BOOKMARK [1][-]{section.4.2}{Getting data from the Arduino}{chapter.4}% 42
\BOOKMARK [1][-]{section.4.3}{Getting Pyserial if you have a Mac}{chapter.4}% 43
\BOOKMARK [2][-]{subsection.4.3.1}{Anaconda Mac Users 4.1.2}{section.4.3}% 44
\BOOKMARK [2][-]{subsection.4.3.2}{Canopy Mac Users 4.2.1}{section.4.3}% 45
\BOOKMARK [2][-]{subsection.4.3.3}{Manually install pyserial through the terminal on a Mac. Coding in emacs/VI}{section.4.3}% 46
\BOOKMARK [2][-]{subsection.4.3.4}{Mac Pathway and Port Notation}{section.4.3}% 47
\BOOKMARK [2][-]{subsection.4.3.5}{Mac version of the python code}{section.4.3}% 48
\BOOKMARK [1][-]{section.4.4}{Lab Assignment}{chapter.4}% 49
\BOOKMARK [0][-]{chapter.5}{Validation of Ohm's Law}{part.1}% 50
\BOOKMARK [1][-]{section.5.1}{Ohm's Law Revisited}{chapter.5}% 51
\BOOKMARK [2][-]{subsection.5.1.1}{Measuring current with our Arduino}{section.5.1}% 52
\BOOKMARK [2][-]{subsection.5.1.2}{Actually making an Arduino measure current}{section.5.1}% 53
\BOOKMARK [2][-]{subsection.5.1.3}{Finding Uncertainty in a calculated value}{section.5.1}% 54
\BOOKMARK [2][-]{subsection.5.1.4}{Using statistics to calculate uncertainty}{section.5.1}% 55
\BOOKMARK [2][-]{subsection.5.1.5}{Philosophical warning}{section.5.1}% 56
\BOOKMARK [1][-]{section.5.2}{Proposals}{chapter.5}% 57
\BOOKMARK [2][-]{subsection.5.2.1}{Statement of the experimental problem}{section.5.2}% 58
\BOOKMARK [2][-]{subsection.5.2.2}{Procedures and anticipated difficulties}{section.5.2}% 59
\BOOKMARK [2][-]{subsection.5.2.3}{Proposed analysis and expected results}{section.5.2}% 60
\BOOKMARK [2][-]{subsection.5.2.4}{Preliminary List of equipment needed}{section.5.2}% 61
\BOOKMARK [2][-]{subsection.5.2.5}{Designing the Experiment}{section.5.2}% 62
\BOOKMARK [2][-]{subsection.5.2.6}{Using Uncertainty to refine experimental design.}{section.5.2}% 63
\BOOKMARK [1][-]{section.5.3}{Lab Assignment}{chapter.5}% 64
\BOOKMARK [-1][-]{part.2}{II Testing Models}{}% 65
\BOOKMARK [0][-]{chapter.6}{Resistors and Capacitors}{part.2}% 66
\BOOKMARK [1][-]{section.6.1}{The Model to Test}{chapter.6}% 67
\BOOKMARK [1][-]{section.6.2}{The Instrument}{chapter.6}% 68
\BOOKMARK [2][-]{subsection.6.2.1}{LoggerPro Curve Fitting.}{section.6.2}% 69
\BOOKMARK [1][-]{section.6.3}{Lab Assignment}{chapter.6}% 70
\BOOKMARK [0][-]{chapter.7}{DataLogging}{part.2}% 71
\BOOKMARK [1][-]{section.7.1}{Arduino Shields}{chapter.7}% 72
\BOOKMARK [1][-]{section.7.2}{Data Logger Shield}{chapter.7}% 73
\BOOKMARK [1][-]{section.7.3}{Set up}{chapter.7}% 74
\BOOKMARK [1][-]{section.7.4}{Lab Assignment}{chapter.7}% 75
\BOOKMARK [0][-]{chapter.8}{Inductance and Series RLC Circuits Part 1}{part.2}% 76
\BOOKMARK [1][-]{section.8.1}{The Model: Self Inductance}{chapter.8}% 77
\BOOKMARK [2][-]{subsection.8.1.1}{Inductance of a solenoid}{section.8.1}% 78
\BOOKMARK [1][-]{section.8.2}{RLC Series circuits}{chapter.8}% 79
\BOOKMARK [1][-]{section.8.3}{Lab Assignment}{chapter.8}% 80
\BOOKMARK [0][-]{chapter.9}{Inductance and Series RLC circuits Part 2}{part.2}% 81
\BOOKMARK [1][-]{section.9.1}{The Instrument}{chapter.9}% 82
\BOOKMARK [1][-]{section.9.2}{Sampling Theory, a complication}{chapter.9}% 83
\BOOKMARK [1][-]{section.9.3}{Lab Assignment}{chapter.9}% 84
\BOOKMARK [-1][-]{part.3}{III Student Designed Experiments}{}% 85
\BOOKMARK [0][-]{chapter.10}{Student Designed Experiments}{part.3}% 86
\BOOKMARK [1][-]{section.10.1}{Proposal}{chapter.10}% 87
\BOOKMARK [1][-]{section.10.2}{Performing the experiment}{chapter.10}% 88
\BOOKMARK [1][-]{section.10.3}{Written report}{chapter.10}% 89
\BOOKMARK [1][-]{section.10.4}{Oral report}{chapter.10}% 90
\BOOKMARK [1][-]{section.10.5}{Lab Notebook}{chapter.10}% 91
\BOOKMARK [2][-]{subsection.10.5.1}{Designing the Experiment}{section.10.5}% 92
\BOOKMARK [2][-]{subsection.10.5.2}{Performing the Experiment}{section.10.5}% 93
